0 info it worked if it ends with ok
1 verbose cli [ 'D:\\Program Files\\nodejs\\node.exe',
1 verbose cli   'D:\\Program Files\\nodejs\\node_modules\\npm\\bin\\npm-cli.js',
1 verbose cli   'install' ]
2 info using npm@2.15.8
3 info using node@v4.4.7
4 verbose readDependencies loading dependencies from E:\FindU-web\package.json
5 warn package.json uek@1.0.0 No repository field.
6 warn package.json uek@1.0.0 No README data
7 verbose install where, deps [ 'E:\\FindU-web',
7 verbose install   [ 'cookie-parser',
7 verbose install     'excel-export',
7 verbose install     'express',
7 verbose install     'moment',
7 verbose install     'mysql',
7 verbose install     'node-excel',
7 verbose install     'pinyin',
7 verbose install     'underscore' ] ]
8 verbose install where, peers [ 'E:\\FindU-web', [] ]
9 verbose installManyTop reading for lifecycle E:\FindU-web\package.json
10 info preinstall uek@1.0.0
11 verbose installManyTop reading scoped package data from E:\FindU-web\node_modules\accepts\package.json
12 verbose installManyTop reading scoped package data from E:\FindU-web\node_modules\array-flatten\package.json
13 verbose installManyTop reading scoped package data from E:\FindU-web\node_modules\bignumber.js\package.json
14 verbose installManyTop reading scoped package data from E:\FindU-web\node_modules\collections\package.json
15 verbose installManyTop reading scoped package data from E:\FindU-web\node_modules\commander\package.json
16 verbose installManyTop reading scoped package data from E:\FindU-web\node_modules\content-disposition\package.json
17 verbose installManyTop reading scoped package data from E:\FindU-web\node_modules\content-type\package.json
18 verbose installManyTop reading scoped package data from E:\FindU-web\node_modules\cookie\package.json
19 verbose installManyTop reading scoped package data from E:\FindU-web\node_modules\cookie-parser\package.json
20 verbose installManyTop reading scoped package data from E:\FindU-web\node_modules\cookie-signature\package.json
21 verbose installManyTop reading scoped package data from E:\FindU-web\node_modules\core-util-is\package.json
22 verbose installManyTop reading scoped package data from E:\FindU-web\node_modules\debug\package.json
23 verbose installManyTop reading scoped package data from E:\FindU-web\node_modules\depd\package.json
24 verbose installManyTop reading scoped package data from E:\FindU-web\node_modules\destroy\package.json
25 verbose installManyTop reading scoped package data from E:\FindU-web\node_modules\ee-first\package.json
26 verbose installManyTop reading scoped package data from E:\FindU-web\node_modules\encodeurl\package.json
27 verbose installManyTop reading scoped package data from E:\FindU-web\node_modules\escape-html\package.json
28 verbose installManyTop reading scoped package data from E:\FindU-web\node_modules\etag\package.json
29 verbose installManyTop reading scoped package data from E:\FindU-web\node_modules\excel-export\package.json
30 verbose installManyTop reading scoped package data from E:\FindU-web\node_modules\express\package.json
31 verbose installManyTop reading scoped package data from E:\FindU-web\node_modules\finalhandler\package.json
32 verbose installManyTop reading scoped package data from E:\FindU-web\node_modules\forwarded\package.json
33 verbose installManyTop reading scoped package data from E:\FindU-web\node_modules\fresh\package.json
34 verbose installManyTop reading scoped package data from E:\FindU-web\node_modules\http-errors\package.json
35 verbose installManyTop reading scoped package data from E:\FindU-web\node_modules\inherits\package.json
36 verbose installManyTop reading scoped package data from E:\FindU-web\node_modules\ipaddr.js\package.json
37 verbose installManyTop reading scoped package data from E:\FindU-web\node_modules\isarray\package.json
38 verbose installManyTop reading scoped package data from E:\FindU-web\node_modules\jszip\package.json
39 verbose installManyTop reading scoped package data from E:\FindU-web\node_modules\keypress\package.json
40 verbose installManyTop reading scoped package data from E:\FindU-web\node_modules\media-typer\package.json
41 verbose installManyTop reading scoped package data from E:\FindU-web\node_modules\merge-descriptors\package.json
42 verbose installManyTop reading scoped package data from E:\FindU-web\node_modules\methods\package.json
43 verbose installManyTop reading scoped package data from E:\FindU-web\node_modules\mime\package.json
44 verbose installManyTop reading scoped package data from E:\FindU-web\node_modules\mime-db\package.json
45 verbose installManyTop reading scoped package data from E:\FindU-web\node_modules\mime-types\package.json
46 verbose installManyTop reading scoped package data from E:\FindU-web\node_modules\moment\package.json
47 verbose installManyTop reading scoped package data from E:\FindU-web\node_modules\ms\package.json
48 verbose installManyTop reading scoped package data from E:\FindU-web\node_modules\mysql\package.json
49 verbose installManyTop reading scoped package data from E:\FindU-web\node_modules\nan\package.json
50 verbose installManyTop reading scoped package data from E:\FindU-web\node_modules\negotiator\package.json
51 verbose installManyTop reading scoped package data from E:\FindU-web\node_modules\node-excel\package.json
52 verbose installManyTop reading scoped package data from E:\FindU-web\node_modules\node-zip\package.json
53 verbose installManyTop reading scoped package data from E:\FindU-web\node_modules\nodejieba\package.json
54 verbose installManyTop reading scoped package data from E:\FindU-web\node_modules\object-assign\package.json
55 verbose installManyTop reading scoped package data from E:\FindU-web\node_modules\on-finished\package.json
56 verbose installManyTop reading scoped package data from E:\FindU-web\node_modules\pako\package.json
57 verbose installManyTop reading scoped package data from E:\FindU-web\node_modules\parseurl\package.json
58 verbose installManyTop reading scoped package data from E:\FindU-web\node_modules\path-to-regexp\package.json
59 verbose installManyTop reading scoped package data from E:\FindU-web\node_modules\pinyin\package.json
60 verbose installManyTop reading scoped package data from E:\FindU-web\node_modules\proxy-addr\package.json
61 verbose installManyTop reading scoped package data from E:\FindU-web\node_modules\qs\package.json
62 verbose installManyTop reading scoped package data from E:\FindU-web\node_modules\range-parser\package.json
63 verbose installManyTop reading scoped package data from E:\FindU-web\node_modules\readable-stream\package.json
64 verbose installManyTop reading scoped package data from E:\FindU-web\node_modules\send\package.json
65 verbose installManyTop reading scoped package data from E:\FindU-web\node_modules\serve-static\package.json
66 verbose installManyTop reading scoped package data from E:\FindU-web\node_modules\setprototypeof\package.json
67 verbose installManyTop reading scoped package data from E:\FindU-web\node_modules\sqlstring\package.json
68 verbose installManyTop reading scoped package data from E:\FindU-web\node_modules\statuses\package.json
69 verbose installManyTop reading scoped package data from E:\FindU-web\node_modules\string_decoder\package.json
70 verbose installManyTop reading scoped package data from E:\FindU-web\node_modules\type-is\package.json
71 verbose installManyTop reading scoped package data from E:\FindU-web\node_modules\underscore\package.json
72 verbose installManyTop reading scoped package data from E:\FindU-web\node_modules\unpipe\package.json
73 verbose installManyTop reading scoped package data from E:\FindU-web\node_modules\utils-merge\package.json
74 verbose installManyTop reading scoped package data from E:\FindU-web\node_modules\vary\package.json
75 verbose installManyTop reading scoped package data from E:\FindU-web\node_modules\weak-map\package.json
76 info package.json qs@6.2.0 No README data
77 info package.json commander@1.1.1 No license field.
78 info package.json collections@3.0.0 No license field.
79 info package.json excel-export@0.5.1 license should be a valid SPDX license expression
80 info package.json jszip@2.5.0 license should be a valid SPDX license expression
81 info package.json mime@1.3.4 No license field.
82 info package.json ms@0.7.1 No license field.
83 info package.json node-zip@1.1.1 No license field.
84 info package.json string_decoder@0.10.31 string_decoder is also the name of a node core module.
85 info package.json utils-merge@1.0.0 No license field.
86 info package.json weak-map@1.0.5 license should be a valid SPDX license expression
87 verbose readDependencies loading dependencies from E:\FindU-web\package.json
88 verbose targetResolver reading package data from E:\FindU-web\node_modules\accepts\package.json
89 verbose targetResolver reading package data from E:\FindU-web\node_modules\array-flatten\package.json
90 verbose targetResolver reading package data from E:\FindU-web\node_modules\bignumber.js\package.json
91 verbose targetResolver reading package data from E:\FindU-web\node_modules\collections\package.json
92 verbose targetResolver reading package data from E:\FindU-web\node_modules\commander\package.json
93 verbose targetResolver reading package data from E:\FindU-web\node_modules\content-disposition\package.json
94 verbose targetResolver reading package data from E:\FindU-web\node_modules\content-type\package.json
95 verbose targetResolver reading package data from E:\FindU-web\node_modules\cookie\package.json
96 verbose targetResolver reading package data from E:\FindU-web\node_modules\cookie-parser\package.json
97 verbose targetResolver reading package data from E:\FindU-web\node_modules\cookie-signature\package.json
98 verbose targetResolver reading package data from E:\FindU-web\node_modules\core-util-is\package.json
99 verbose targetResolver reading package data from E:\FindU-web\node_modules\debug\package.json
100 verbose targetResolver reading package data from E:\FindU-web\node_modules\depd\package.json
101 verbose targetResolver reading package data from E:\FindU-web\node_modules\destroy\package.json
102 verbose targetResolver reading package data from E:\FindU-web\node_modules\ee-first\package.json
103 verbose targetResolver reading package data from E:\FindU-web\node_modules\encodeurl\package.json
104 verbose targetResolver reading package data from E:\FindU-web\node_modules\escape-html\package.json
105 verbose targetResolver reading package data from E:\FindU-web\node_modules\etag\package.json
106 verbose targetResolver reading package data from E:\FindU-web\node_modules\excel-export\package.json
107 verbose targetResolver reading package data from E:\FindU-web\node_modules\express\package.json
108 verbose targetResolver reading package data from E:\FindU-web\node_modules\finalhandler\package.json
109 verbose targetResolver reading package data from E:\FindU-web\node_modules\forwarded\package.json
110 verbose targetResolver reading package data from E:\FindU-web\node_modules\fresh\package.json
111 verbose targetResolver reading package data from E:\FindU-web\node_modules\http-errors\package.json
112 verbose targetResolver reading package data from E:\FindU-web\node_modules\inherits\package.json
113 verbose targetResolver reading package data from E:\FindU-web\node_modules\ipaddr.js\package.json
114 verbose targetResolver reading package data from E:\FindU-web\node_modules\isarray\package.json
115 verbose targetResolver reading package data from E:\FindU-web\node_modules\jszip\package.json
116 verbose targetResolver reading package data from E:\FindU-web\node_modules\keypress\package.json
117 verbose targetResolver reading package data from E:\FindU-web\node_modules\media-typer\package.json
118 verbose targetResolver reading package data from E:\FindU-web\node_modules\merge-descriptors\package.json
119 verbose targetResolver reading package data from E:\FindU-web\node_modules\methods\package.json
120 verbose targetResolver reading package data from E:\FindU-web\node_modules\mime\package.json
121 verbose targetResolver reading package data from E:\FindU-web\node_modules\mime-db\package.json
122 verbose targetResolver reading package data from E:\FindU-web\node_modules\mime-types\package.json
123 verbose targetResolver reading package data from E:\FindU-web\node_modules\moment\package.json
124 verbose targetResolver reading package data from E:\FindU-web\node_modules\ms\package.json
125 verbose targetResolver reading package data from E:\FindU-web\node_modules\mysql\package.json
126 verbose targetResolver reading package data from E:\FindU-web\node_modules\nan\package.json
127 verbose targetResolver reading package data from E:\FindU-web\node_modules\negotiator\package.json
128 verbose targetResolver reading package data from E:\FindU-web\node_modules\node-excel\package.json
129 verbose targetResolver reading package data from E:\FindU-web\node_modules\node-zip\package.json
130 verbose targetResolver reading package data from E:\FindU-web\node_modules\nodejieba\package.json
131 verbose targetResolver reading package data from E:\FindU-web\node_modules\object-assign\package.json
132 verbose targetResolver reading package data from E:\FindU-web\node_modules\on-finished\package.json
133 verbose targetResolver reading package data from E:\FindU-web\node_modules\pako\package.json
134 verbose targetResolver reading package data from E:\FindU-web\node_modules\parseurl\package.json
135 verbose targetResolver reading package data from E:\FindU-web\node_modules\path-to-regexp\package.json
136 verbose targetResolver reading package data from E:\FindU-web\node_modules\pinyin\package.json
137 verbose targetResolver reading package data from E:\FindU-web\node_modules\proxy-addr\package.json
138 verbose targetResolver reading package data from E:\FindU-web\node_modules\qs\package.json
139 verbose targetResolver reading package data from E:\FindU-web\node_modules\range-parser\package.json
140 verbose targetResolver reading package data from E:\FindU-web\node_modules\readable-stream\package.json
141 verbose targetResolver reading package data from E:\FindU-web\node_modules\send\package.json
142 verbose targetResolver reading package data from E:\FindU-web\node_modules\serve-static\package.json
143 verbose targetResolver reading package data from E:\FindU-web\node_modules\setprototypeof\package.json
144 verbose targetResolver reading package data from E:\FindU-web\node_modules\sqlstring\package.json
145 verbose targetResolver reading package data from E:\FindU-web\node_modules\statuses\package.json
146 verbose targetResolver reading package data from E:\FindU-web\node_modules\string_decoder\package.json
147 verbose targetResolver reading package data from E:\FindU-web\node_modules\type-is\package.json
148 verbose targetResolver reading package data from E:\FindU-web\node_modules\underscore\package.json
149 verbose targetResolver reading package data from E:\FindU-web\node_modules\unpipe\package.json
150 verbose targetResolver reading package data from E:\FindU-web\node_modules\utils-merge\package.json
151 verbose targetResolver reading package data from E:\FindU-web\node_modules\vary\package.json
152 verbose targetResolver reading package data from E:\FindU-web\node_modules\weak-map\package.json
153 verbose targetResolver reading package data from E:\FindU-web\node_modules\.0.0.1@isarray\README.md\package.json
154 verbose targetResolver reading package data from E:\FindU-web\node_modules\.0.0.1@isarray\build\package.json
155 verbose targetResolver reading package data from E:\FindU-web\node_modules\.0.0.1@isarray\component.json\package.json
156 verbose targetResolver reading package data from E:\FindU-web\node_modules\.0.0.1@isarray\index.js\package.json
157 verbose targetResolver reading package data from E:\FindU-web\node_modules\.0.0.1@isarray\package.json\package.json
158 verbose targetResolver reading package data from E:\FindU-web\node_modules\.0.1.0@forwarded\HISTORY.md\package.json
159 verbose targetResolver reading package data from E:\FindU-web\node_modules\.0.1.0@forwarded\LICENSE\package.json
160 verbose targetResolver reading package data from E:\FindU-web\node_modules\.0.1.0@forwarded\README.md\package.json
161 verbose targetResolver reading package data from E:\FindU-web\node_modules\.0.1.0@forwarded\index.js\package.json
162 verbose targetResolver reading package data from E:\FindU-web\node_modules\.0.1.0@forwarded\package.json\package.json
163 verbose targetResolver reading package data from E:\FindU-web\node_modules\.0.1.0@keypress\README.md\package.json
164 verbose targetResolver reading package data from E:\FindU-web\node_modules\.0.1.0@keypress\index.js\package.json
165 verbose targetResolver reading package data from E:\FindU-web\node_modules\.0.1.0@keypress\package.json\package.json
166 verbose targetResolver reading package data from E:\FindU-web\node_modules\.0.1.0@keypress\test.js\package.json
167 verbose targetResolver reading package data from E:\FindU-web\node_modules\.0.1.7@path-to-regexp\History.md\package.json
168 verbose targetResolver reading package data from E:\FindU-web\node_modules\.0.1.7@path-to-regexp\LICENSE\package.json
169 verbose targetResolver reading package data from E:\FindU-web\node_modules\.0.1.7@path-to-regexp\Readme.md\package.json
170 verbose targetResolver reading package data from E:\FindU-web\node_modules\.0.1.7@path-to-regexp\index.js\package.json
171 verbose targetResolver reading package data from E:\FindU-web\node_modules\.0.1.7@path-to-regexp\package.json\package.json
172 verbose targetResolver reading package data from E:\FindU-web\node_modules\.0.10.31@string_decoder\LICENSE\package.json
173 verbose targetResolver reading package data from E:\FindU-web\node_modules\.0.10.31@string_decoder\README.md\package.json
174 verbose targetResolver reading package data from E:\FindU-web\node_modules\.0.10.31@string_decoder\index.js\package.json
175 verbose targetResolver reading package data from E:\FindU-web\node_modules\.0.10.31@string_decoder\package.json\package.json
176 verbose targetResolver reading package data from E:\FindU-web\node_modules\.0.14.1@send\HISTORY.md\package.json
177 verbose targetResolver reading package data from E:\FindU-web\node_modules\.0.14.1@send\LICENSE\package.json
178 verbose targetResolver reading package data from E:\FindU-web\node_modules\.0.14.1@send\README.md\package.json
179 verbose targetResolver reading package data from E:\FindU-web\node_modules\.0.14.1@send\index.js\package.json
180 verbose targetResolver reading package data from E:\FindU-web\node_modules\.0.14.1@send\node_modules\package.json
181 verbose targetResolver reading package data from E:\FindU-web\node_modules\.0.14.1@send\package.json\package.json
182 verbose targetResolver reading package data from E:\FindU-web\node_modules\.0.2.9@pako\CHANGELOG.md\package.json
183 verbose targetResolver reading package data from E:\FindU-web\node_modules\.0.2.9@pako\LICENSE\package.json
184 verbose targetResolver reading package data from E:\FindU-web\node_modules\.0.2.9@pako\README.md\package.json
185 verbose targetResolver reading package data from E:\FindU-web\node_modules\.0.2.9@pako\dist\package.json
186 verbose targetResolver reading package data from E:\FindU-web\node_modules\.0.2.9@pako\index.js\package.json
187 verbose targetResolver reading package data from E:\FindU-web\node_modules\.0.2.9@pako\lib\package.json
188 verbose targetResolver reading package data from E:\FindU-web\node_modules\.0.2.9@pako\package.json\package.json
189 verbose targetResolver reading package data from E:\FindU-web\node_modules\.0.3.0@fresh\HISTORY.md\package.json
190 verbose targetResolver reading package data from E:\FindU-web\node_modules\.0.3.0@fresh\LICENSE\package.json
191 verbose targetResolver reading package data from E:\FindU-web\node_modules\.0.3.0@fresh\README.md\package.json
192 verbose targetResolver reading package data from E:\FindU-web\node_modules\.0.3.0@fresh\index.js\package.json
193 verbose targetResolver reading package data from E:\FindU-web\node_modules\.0.3.0@fresh\package.json\package.json
194 verbose targetResolver reading package data from E:\FindU-web\node_modules\.0.3.0@media-typer\HISTORY.md\package.json
195 verbose targetResolver reading package data from E:\FindU-web\node_modules\.0.3.0@media-typer\LICENSE\package.json
196 verbose targetResolver reading package data from E:\FindU-web\node_modules\.0.3.0@media-typer\README.md\package.json
197 verbose targetResolver reading package data from E:\FindU-web\node_modules\.0.3.0@media-typer\index.js\package.json
198 verbose targetResolver reading package data from E:\FindU-web\node_modules\.0.3.0@media-typer\package.json\package.json
199 verbose targetResolver reading package data from E:\FindU-web\node_modules\.0.3.1@cookie\HISTORY.md\package.json
200 verbose targetResolver reading package data from E:\FindU-web\node_modules\.0.3.1@cookie\LICENSE\package.json
201 verbose targetResolver reading package data from E:\FindU-web\node_modules\.0.3.1@cookie\README.md\package.json
202 verbose targetResolver reading package data from E:\FindU-web\node_modules\.0.3.1@cookie\index.js\package.json
203 verbose targetResolver reading package data from E:\FindU-web\node_modules\.0.3.1@cookie\package.json\package.json
204 verbose targetResolver reading package data from E:\FindU-web\node_modules\.0.5.0@finalhandler\HISTORY.md\package.json
205 verbose targetResolver reading package data from E:\FindU-web\node_modules\.0.5.0@finalhandler\LICENSE\package.json
206 verbose targetResolver reading package data from E:\FindU-web\node_modules\.0.5.0@finalhandler\README.md\package.json
207 verbose targetResolver reading package data from E:\FindU-web\node_modules\.0.5.0@finalhandler\index.js\package.json
208 verbose targetResolver reading package data from E:\FindU-web\node_modules\.0.5.0@finalhandler\node_modules\package.json
209 verbose targetResolver reading package data from E:\FindU-web\node_modules\.0.5.0@finalhandler\package.json\package.json
210 verbose targetResolver reading package data from E:\FindU-web\node_modules\.0.5.0@node-excel\Readme.md\package.json
211 verbose targetResolver reading package data from E:\FindU-web\node_modules\.0.5.0@node-excel\example\package.json
212 verbose targetResolver reading package data from E:\FindU-web\node_modules\.0.5.0@node-excel\index.js\package.json
213 verbose targetResolver reading package data from E:\FindU-web\node_modules\.0.5.0@node-excel\node_modules\package.json
214 verbose targetResolver reading package data from E:\FindU-web\node_modules\.0.5.0@node-excel\package.json\package.json
215 verbose targetResolver reading package data from E:\FindU-web\node_modules\.0.5.0@node-excel\test\package.json
216 verbose targetResolver reading package data from E:\FindU-web\node_modules\.0.5.1@content-disposition\HISTORY.md\package.json
217 verbose targetResolver reading package data from E:\FindU-web\node_modules\.0.5.1@content-disposition\LICENSE\package.json
218 verbose targetResolver reading package data from E:\FindU-web\node_modules\.0.5.1@content-disposition\README.md\package.json
219 verbose targetResolver reading package data from E:\FindU-web\node_modules\.0.5.1@content-disposition\index.js\package.json
220 verbose targetResolver reading package data from E:\FindU-web\node_modules\.0.5.1@content-disposition\package.json\package.json
221 verbose targetResolver reading package data from E:\FindU-web\node_modules\.0.5.1@excel-export\Readme.md\package.json
222 verbose targetResolver reading package data from E:\FindU-web\node_modules\.0.5.1@excel-export\example\package.json
223 verbose targetResolver reading package data from E:\FindU-web\node_modules\.0.5.1@excel-export\index.js\package.json
224 verbose targetResolver reading package data from E:\FindU-web\node_modules\.0.5.1@excel-export\node_modules\package.json
225 verbose targetResolver reading package data from E:\FindU-web\node_modules\.0.5.1@excel-export\package.json\package.json
226 verbose targetResolver reading package data from E:\FindU-web\node_modules\.0.5.1@excel-export\sheet.js\package.json
227 verbose targetResolver reading package data from E:\FindU-web\node_modules\.0.5.1@excel-export\test\package.json
228 verbose targetResolver reading package data from E:\FindU-web\node_modules\.0.6.1@negotiator\HISTORY.md\package.json
229 verbose targetResolver reading package data from E:\FindU-web\node_modules\.0.6.1@negotiator\LICENSE\package.json
230 verbose targetResolver reading package data from E:\FindU-web\node_modules\.0.6.1@negotiator\README.md\package.json
231 verbose targetResolver reading package data from E:\FindU-web\node_modules\.0.6.1@negotiator\index.js\package.json
232 verbose targetResolver reading package data from E:\FindU-web\node_modules\.0.6.1@negotiator\lib\package.json
233 verbose targetResolver reading package data from E:\FindU-web\node_modules\.0.6.1@negotiator\package.json\package.json
234 verbose targetResolver reading package data from E:\FindU-web\node_modules\.0.7.1@ms\History.md\package.json
235 verbose targetResolver reading package data from E:\FindU-web\node_modules\.0.7.1@ms\LICENSE\package.json
236 verbose targetResolver reading package data from E:\FindU-web\node_modules\.0.7.1@ms\README.md\package.json
237 verbose targetResolver reading package data from E:\FindU-web\node_modules\.0.7.1@ms\index.js\package.json
238 verbose targetResolver reading package data from E:\FindU-web\node_modules\.0.7.1@ms\package.json\package.json
239 verbose targetResolver reading package data from E:\FindU-web\node_modules\.1.0.0@unpipe\HISTORY.md\package.json
240 verbose targetResolver reading package data from E:\FindU-web\node_modules\.1.0.0@unpipe\LICENSE\package.json
241 verbose targetResolver reading package data from E:\FindU-web\node_modules\.1.0.0@unpipe\README.md\package.json
242 verbose targetResolver reading package data from E:\FindU-web\node_modules\.1.0.0@unpipe\index.js\package.json
243 verbose targetResolver reading package data from E:\FindU-web\node_modules\.1.0.0@unpipe\package.json\package.json
244 verbose targetResolver reading package data from E:\FindU-web\node_modules\.1.0.0@utils-merge\LICENSE\package.json
245 verbose targetResolver reading package data from E:\FindU-web\node_modules\.1.0.0@utils-merge\README.md\package.json
246 verbose targetResolver reading package data from E:\FindU-web\node_modules\.1.0.0@utils-merge\index.js\package.json
247 verbose targetResolver reading package data from E:\FindU-web\node_modules\.1.0.0@utils-merge\package.json\package.json
248 verbose targetResolver reading package data from E:\FindU-web\node_modules\.1.0.1@encodeurl\HISTORY.md\package.json
249 verbose targetResolver reading package data from E:\FindU-web\node_modules\.1.0.1@encodeurl\LICENSE\package.json
250 verbose targetResolver reading package data from E:\FindU-web\node_modules\.1.0.1@encodeurl\README.md\package.json
251 verbose targetResolver reading package data from E:\FindU-web\node_modules\.1.0.1@encodeurl\index.js\package.json
252 verbose targetResolver reading package data from E:\FindU-web\node_modules\.1.0.1@encodeurl\package.json\package.json
253 verbose targetResolver reading package data from E:\FindU-web\node_modules\.1.0.1@merge-descriptors\HISTORY.md\package.json
254 verbose targetResolver reading package data from E:\FindU-web\node_modules\.1.0.1@merge-descriptors\LICENSE\package.json
255 verbose targetResolver reading package data from E:\FindU-web\node_modules\.1.0.1@merge-descriptors\README.md\package.json
256 verbose targetResolver reading package data from E:\FindU-web\node_modules\.1.0.1@merge-descriptors\index.js\package.json
257 verbose targetResolver reading package data from E:\FindU-web\node_modules\.1.0.1@merge-descriptors\package.json\package.json
258 verbose targetResolver reading package data from E:\FindU-web\node_modules\.1.0.1@setprototypeof\LICENSE\package.json
259 verbose targetResolver reading package data from E:\FindU-web\node_modules\.1.0.1@setprototypeof\README.md\package.json
260 verbose targetResolver reading package data from E:\FindU-web\node_modules\.1.0.1@setprototypeof\index.js\package.json
261 verbose targetResolver reading package data from E:\FindU-web\node_modules\.1.0.1@setprototypeof\package.json\package.json
262 verbose targetResolver reading package data from E:\FindU-web\node_modules\.1.0.2@content-type\HISTORY.md\package.json
263 verbose targetResolver reading package data from E:\FindU-web\node_modules\.1.0.2@content-type\LICENSE\package.json
264 verbose targetResolver reading package data from E:\FindU-web\node_modules\.1.0.2@content-type\README.md\package.json
265 verbose targetResolver reading package data from E:\FindU-web\node_modules\.1.0.2@content-type\index.js\package.json
266 verbose targetResolver reading package data from E:\FindU-web\node_modules\.1.0.2@content-type\package.json\package.json
267 verbose targetResolver reading package data from E:\FindU-web\node_modules\.1.0.2@core-util-is\LICENSE\package.json
268 verbose targetResolver reading package data from E:\FindU-web\node_modules\.1.0.2@core-util-is\README.md\package.json
269 verbose targetResolver reading package data from E:\FindU-web\node_modules\.1.0.2@core-util-is\float.patch\package.json
270 verbose targetResolver reading package data from E:\FindU-web\node_modules\.1.0.2@core-util-is\lib\package.json
271 verbose targetResolver reading package data from E:\FindU-web\node_modules\.1.0.2@core-util-is\package.json\package.json
272 verbose targetResolver reading package data from E:\FindU-web\node_modules\.1.0.2@core-util-is\test.js\package.json
273 verbose targetResolver reading package data from E:\FindU-web\node_modules\.1.0.3@escape-html\LICENSE\package.json
274 verbose targetResolver reading package data from E:\FindU-web\node_modules\.1.0.3@escape-html\Readme.md\package.json
275 verbose targetResolver reading package data from E:\FindU-web\node_modules\.1.0.3@escape-html\index.js\package.json
276 verbose targetResolver reading package data from E:\FindU-web\node_modules\.1.0.3@escape-html\package.json\package.json
277 verbose targetResolver reading package data from E:\FindU-web\node_modules\.1.0.4@destroy\LICENSE\package.json
278 verbose targetResolver reading package data from E:\FindU-web\node_modules\.1.0.4@destroy\README.md\package.json
279 verbose targetResolver reading package data from E:\FindU-web\node_modules\.1.0.4@destroy\index.js\package.json
280 verbose targetResolver reading package data from E:\FindU-web\node_modules\.1.0.4@destroy\package.json\package.json
281 verbose targetResolver reading package data from E:\FindU-web\node_modules\.1.0.5@weak-map\README.md\package.json
282 verbose targetResolver reading package data from E:\FindU-web\node_modules\.1.0.5@weak-map\package.json\package.json
283 verbose targetResolver reading package data from E:\FindU-web\node_modules\.1.0.5@weak-map\weak-map.js\package.json
284 verbose targetResolver reading package data from E:\FindU-web\node_modules\.1.0.6@cookie-signature\History.md\package.json
285 verbose targetResolver reading package data from E:\FindU-web\node_modules\.1.0.6@cookie-signature\Readme.md\package.json
286 verbose targetResolver reading package data from E:\FindU-web\node_modules\.1.0.6@cookie-signature\index.js\package.json
287 verbose targetResolver reading package data from E:\FindU-web\node_modules\.1.0.6@cookie-signature\package.json\package.json
288 verbose targetResolver reading package data from E:\FindU-web\node_modules\.1.1.0@depd\History.md\package.json
289 verbose targetResolver reading package data from E:\FindU-web\node_modules\.1.1.0@depd\LICENSE\package.json
290 verbose targetResolver reading package data from E:\FindU-web\node_modules\.1.1.0@depd\Readme.md\package.json
291 verbose targetResolver reading package data from E:\FindU-web\node_modules\.1.1.0@depd\index.js\package.json
292 verbose targetResolver reading package data from E:\FindU-web\node_modules\.1.1.0@depd\lib\package.json
293 verbose targetResolver reading package data from E:\FindU-web\node_modules\.1.1.0@depd\package.json\package.json
294 verbose targetResolver reading package data from E:\FindU-web\node_modules\.1.1.0@vary\HISTORY.md\package.json
295 verbose targetResolver reading package data from E:\FindU-web\node_modules\.1.1.0@vary\LICENSE\package.json
296 verbose targetResolver reading package data from E:\FindU-web\node_modules\.1.1.0@vary\README.md\package.json
297 verbose targetResolver reading package data from E:\FindU-web\node_modules\.1.1.0@vary\index.js\package.json
298 verbose targetResolver reading package data from E:\FindU-web\node_modules\.1.1.0@vary\package.json\package.json
299 verbose targetResolver reading package data from E:\FindU-web\node_modules\.1.1.14@readable-stream\LICENSE\package.json
300 verbose targetResolver reading package data from E:\FindU-web\node_modules\.1.1.14@readable-stream\README.md\package.json
301 verbose targetResolver reading package data from E:\FindU-web\node_modules\.1.1.14@readable-stream\duplex.js\package.json
302 verbose targetResolver reading package data from E:\FindU-web\node_modules\.1.1.14@readable-stream\float.patch\package.json
303 verbose targetResolver reading package data from E:\FindU-web\node_modules\.1.1.14@readable-stream\lib\package.json
304 verbose targetResolver reading package data from E:\FindU-web\node_modules\.1.1.14@readable-stream\node_modules\package.json
305 verbose targetResolver reading package data from E:\FindU-web\node_modules\.1.1.14@readable-stream\package.json\package.json
306 verbose targetResolver reading package data from E:\FindU-web\node_modules\.1.1.14@readable-stream\passthrough.js\package.json
307 verbose targetResolver reading package data from E:\FindU-web\node_modules\.1.1.14@readable-stream\readable.js\package.json
308 verbose targetResolver reading package data from E:\FindU-web\node_modules\.1.1.14@readable-stream\transform.js\package.json
309 verbose targetResolver reading package data from E:\FindU-web\node_modules\.1.1.14@readable-stream\writable.js\package.json
310 verbose targetResolver reading package data from E:\FindU-web\node_modules\.1.1.1@array-flatten\LICENSE\package.json
311 verbose targetResolver reading package data from E:\FindU-web\node_modules\.1.1.1@array-flatten\README.md\package.json
312 verbose targetResolver reading package data from E:\FindU-web\node_modules\.1.1.1@array-flatten\array-flatten.js\package.json
313 verbose targetResolver reading package data from E:\FindU-web\node_modules\.1.1.1@array-flatten\package.json\package.json
314 verbose targetResolver reading package data from E:\FindU-web\node_modules\.1.1.1@commander\History.md\package.json
315 verbose targetResolver reading package data from E:\FindU-web\node_modules\.1.1.1@commander\Makefile\package.json
316 verbose targetResolver reading package data from E:\FindU-web\node_modules\.1.1.1@commander\Readme.md\package.json
317 verbose targetResolver reading package data from E:\FindU-web\node_modules\.1.1.1@commander\index.js\package.json
318 verbose targetResolver reading package data from E:\FindU-web\node_modules\.1.1.1@commander\node_modules\package.json
319 verbose targetResolver reading package data from E:\FindU-web\node_modules\.1.1.1@commander\package.json\package.json
320 verbose targetResolver reading package data from E:\FindU-web\node_modules\.1.1.1@ee-first\LICENSE\package.json
321 verbose targetResolver reading package data from E:\FindU-web\node_modules\.1.1.1@ee-first\README.md\package.json
322 verbose targetResolver reading package data from E:\FindU-web\node_modules\.1.1.1@ee-first\index.js\package.json
323 verbose targetResolver reading package data from E:\FindU-web\node_modules\.1.1.1@ee-first\package.json\package.json
324 verbose targetResolver reading package data from E:\FindU-web\node_modules\.1.1.1@ipaddr.js\Cakefile\package.json
325 verbose targetResolver reading package data from E:\FindU-web\node_modules\.1.1.1@ipaddr.js\LICENSE\package.json
326 verbose targetResolver reading package data from E:\FindU-web\node_modules\.1.1.1@ipaddr.js\README.md\package.json
327 verbose targetResolver reading package data from E:\FindU-web\node_modules\.1.1.1@ipaddr.js\bower.json\package.json
328 verbose targetResolver reading package data from E:\FindU-web\node_modules\.1.1.1@ipaddr.js\ipaddr.min.js\package.json
329 verbose targetResolver reading package data from E:\FindU-web\node_modules\.1.1.1@ipaddr.js\lib\package.json
330 verbose targetResolver reading package data from E:\FindU-web\node_modules\.1.1.1@ipaddr.js\package.json\package.json
331 verbose targetResolver reading package data from E:\FindU-web\node_modules\.1.1.1@ipaddr.js\src\package.json
332 verbose targetResolver reading package data from E:\FindU-web\node_modules\.1.1.1@ipaddr.js\test\package.json
333 verbose targetResolver reading package data from E:\FindU-web\node_modules\.1.1.1@node-zip\Makefile\package.json
334 verbose targetResolver reading package data from E:\FindU-web\node_modules\.1.1.1@node-zip\README.md\package.json
335 verbose targetResolver reading package data from E:\FindU-web\node_modules\.1.1.1@node-zip\bin\package.json
336 verbose targetResolver reading package data from E:\FindU-web\node_modules\.1.1.1@node-zip\lib\package.json
337 verbose targetResolver reading package data from E:\FindU-web\node_modules\.1.1.1@node-zip\node_modules\package.json
338 verbose targetResolver reading package data from E:\FindU-web\node_modules\.1.1.1@node-zip\package.json\package.json
339 verbose targetResolver reading package data from E:\FindU-web\node_modules\.1.1.1@node-zip\test\package.json
340 verbose targetResolver reading package data from E:\FindU-web\node_modules\.1.1.2@methods\HISTORY.md\package.json
341 verbose targetResolver reading package data from E:\FindU-web\node_modules\.1.1.2@methods\LICENSE\package.json
342 verbose targetResolver reading package data from E:\FindU-web\node_modules\.1.1.2@methods\README.md\package.json
343 verbose targetResolver reading package data from E:\FindU-web\node_modules\.1.1.2@methods\index.js\package.json
344 verbose targetResolver reading package data from E:\FindU-web\node_modules\.1.1.2@methods\package.json\package.json
345 verbose targetResolver reading package data from E:\FindU-web\node_modules\.1.1.2@proxy-addr\HISTORY.md\package.json
346 verbose targetResolver reading package data from E:\FindU-web\node_modules\.1.1.2@proxy-addr\LICENSE\package.json
347 verbose targetResolver reading package data from E:\FindU-web\node_modules\.1.1.2@proxy-addr\README.md\package.json
348 verbose targetResolver reading package data from E:\FindU-web\node_modules\.1.1.2@proxy-addr\index.js\package.json
349 verbose targetResolver reading package data from E:\FindU-web\node_modules\.1.1.2@proxy-addr\node_modules\package.json
350 verbose targetResolver reading package data from E:\FindU-web\node_modules\.1.1.2@proxy-addr\package.json\package.json
351 verbose targetResolver reading package data from E:\FindU-web\node_modules\.1.11.1@serve-static\HISTORY.md\package.json
352 verbose targetResolver reading package data from E:\FindU-web\node_modules\.1.11.1@serve-static\LICENSE\package.json
353 verbose targetResolver reading package data from E:\FindU-web\node_modules\.1.11.1@serve-static\README.md\package.json
354 verbose targetResolver reading package data from E:\FindU-web\node_modules\.1.11.1@serve-static\index.js\package.json
355 verbose targetResolver reading package data from E:\FindU-web\node_modules\.1.11.1@serve-static\node_modules\package.json
356 verbose targetResolver reading package data from E:\FindU-web\node_modules\.1.11.1@serve-static\package.json\package.json
357 verbose targetResolver reading package data from E:\FindU-web\node_modules\.1.2.0@range-parser\HISTORY.md\package.json
358 verbose targetResolver reading package data from E:\FindU-web\node_modules\.1.2.0@range-parser\LICENSE\package.json
359 verbose targetResolver reading package data from E:\FindU-web\node_modules\.1.2.0@range-parser\README.md\package.json
360 verbose targetResolver reading package data from E:\FindU-web\node_modules\.1.2.0@range-parser\index.js\package.json
361 verbose targetResolver reading package data from E:\FindU-web\node_modules\.1.2.0@range-parser\package.json\package.json
362 verbose targetResolver reading package data from E:\FindU-web\node_modules\.1.23.0@mime-db\HISTORY.md\package.json
363 verbose targetResolver reading package data from E:\FindU-web\node_modules\.1.23.0@mime-db\LICENSE\package.json
364 verbose targetResolver reading package data from E:\FindU-web\node_modules\.1.23.0@mime-db\README.md\package.json
365 verbose targetResolver reading package data from E:\FindU-web\node_modules\.1.23.0@mime-db\db.json\package.json
366 verbose targetResolver reading package data from E:\FindU-web\node_modules\.1.23.0@mime-db\index.js\package.json
367 verbose targetResolver reading package data from E:\FindU-web\node_modules\.1.23.0@mime-db\package.json\package.json
368 verbose targetResolver reading package data from E:\FindU-web\node_modules\.1.3.0@statuses\HISTORY.md\package.json
369 verbose targetResolver reading package data from E:\FindU-web\node_modules\.1.3.0@statuses\LICENSE\package.json
370 verbose targetResolver reading package data from E:\FindU-web\node_modules\.1.3.0@statuses\README.md\package.json
371 verbose targetResolver reading package data from E:\FindU-web\node_modules\.1.3.0@statuses\codes.json\package.json
372 verbose targetResolver reading package data from E:\FindU-web\node_modules\.1.3.0@statuses\index.js\package.json
373 verbose targetResolver reading package data from E:\FindU-web\node_modules\.1.3.0@statuses\package.json\package.json
374 verbose targetResolver reading package data from E:\FindU-web\node_modules\.1.3.1@parseurl\HISTORY.md\package.json
375 verbose targetResolver reading package data from E:\FindU-web\node_modules\.1.3.1@parseurl\LICENSE\package.json
376 verbose targetResolver reading package data from E:\FindU-web\node_modules\.1.3.1@parseurl\README.md\package.json
377 verbose targetResolver reading package data from E:\FindU-web\node_modules\.1.3.1@parseurl\index.js\package.json
378 verbose targetResolver reading package data from E:\FindU-web\node_modules\.1.3.1@parseurl\package.json\package.json
379 verbose targetResolver reading package data from E:\FindU-web\node_modules\.1.3.3@accepts\HISTORY.md\package.json
380 verbose targetResolver reading package data from E:\FindU-web\node_modules\.1.3.3@accepts\LICENSE\package.json
381 verbose targetResolver reading package data from E:\FindU-web\node_modules\.1.3.3@accepts\README.md\package.json
382 verbose targetResolver reading package data from E:\FindU-web\node_modules\.1.3.3@accepts\index.js\package.json
383 verbose targetResolver reading package data from E:\FindU-web\node_modules\.1.3.3@accepts\node_modules\package.json
384 verbose targetResolver reading package data from E:\FindU-web\node_modules\.1.3.3@accepts\package.json\package.json
385 verbose targetResolver reading package data from E:\FindU-web\node_modules\.1.3.4@mime\LICENSE\package.json
386 verbose targetResolver reading package data from E:\FindU-web\node_modules\.1.3.4@mime\README.md\package.json
387 verbose targetResolver reading package data from E:\FindU-web\node_modules\.1.3.4@mime\build\package.json
388 verbose targetResolver reading package data from E:\FindU-web\node_modules\.1.3.4@mime\cli.js\package.json
389 verbose targetResolver reading package data from E:\FindU-web\node_modules\.1.3.4@mime\mime.js\package.json
390 verbose targetResolver reading package data from E:\FindU-web\node_modules\.1.3.4@mime\package.json\package.json
391 verbose targetResolver reading package data from E:\FindU-web\node_modules\.1.3.4@mime\types.json\package.json
392 verbose targetResolver reading package data from E:\FindU-web\node_modules\.1.4.3@cookie-parser\HISTORY.md\package.json
393 verbose targetResolver reading package data from E:\FindU-web\node_modules\.1.4.3@cookie-parser\LICENSE\package.json
394 verbose targetResolver reading package data from E:\FindU-web\node_modules\.1.4.3@cookie-parser\README.md\package.json
395 verbose targetResolver reading package data from E:\FindU-web\node_modules\.1.4.3@cookie-parser\index.js\package.json
396 verbose targetResolver reading package data from E:\FindU-web\node_modules\.1.4.3@cookie-parser\node_modules\package.json
397 verbose targetResolver reading package data from E:\FindU-web\node_modules\.1.4.3@cookie-parser\package.json\package.json
398 verbose targetResolver reading package data from E:\FindU-web\node_modules\.1.5.0@http-errors\HISTORY.md\package.json
399 verbose targetResolver reading package data from E:\FindU-web\node_modules\.1.5.0@http-errors\LICENSE\package.json
400 verbose targetResolver reading package data from E:\FindU-web\node_modules\.1.5.0@http-errors\README.md\package.json
401 verbose targetResolver reading package data from E:\FindU-web\node_modules\.1.5.0@http-errors\index.js\package.json
402 verbose targetResolver reading package data from E:\FindU-web\node_modules\.1.5.0@http-errors\node_modules\package.json
403 verbose targetResolver reading package data from E:\FindU-web\node_modules\.1.5.0@http-errors\package.json\package.json
404 verbose targetResolver reading package data from E:\FindU-web\node_modules\.1.6.13@type-is\HISTORY.md\package.json
405 verbose targetResolver reading package data from E:\FindU-web\node_modules\.1.6.13@type-is\LICENSE\package.json
406 verbose targetResolver reading package data from E:\FindU-web\node_modules\.1.6.13@type-is\README.md\package.json
407 verbose targetResolver reading package data from E:\FindU-web\node_modules\.1.6.13@type-is\index.js\package.json
408 verbose targetResolver reading package data from E:\FindU-web\node_modules\.1.6.13@type-is\node_modules\package.json
409 verbose targetResolver reading package data from E:\FindU-web\node_modules\.1.6.13@type-is\package.json\package.json
410 verbose targetResolver reading package data from E:\FindU-web\node_modules\.1.7.0@etag\HISTORY.md\package.json
411 verbose targetResolver reading package data from E:\FindU-web\node_modules\.1.7.0@etag\LICENSE\package.json
412 verbose targetResolver reading package data from E:\FindU-web\node_modules\.1.7.0@etag\README.md\package.json
413 verbose targetResolver reading package data from E:\FindU-web\node_modules\.1.7.0@etag\index.js\package.json
414 verbose targetResolver reading package data from E:\FindU-web\node_modules\.1.7.0@etag\package.json\package.json
415 verbose targetResolver reading package data from E:\FindU-web\node_modules\.1.8.3@underscore\LICENSE\package.json
416 verbose targetResolver reading package data from E:\FindU-web\node_modules\.1.8.3@underscore\README.md\package.json
417 verbose targetResolver reading package data from E:\FindU-web\node_modules\.1.8.3@underscore\package.json\package.json
418 verbose targetResolver reading package data from E:\FindU-web\node_modules\.1.8.3@underscore\underscore-min.js\package.json
419 verbose targetResolver reading package data from E:\FindU-web\node_modules\.1.8.3@underscore\underscore-min.map\package.json
420 verbose targetResolver reading package data from E:\FindU-web\node_modules\.1.8.3@underscore\underscore.js\package.json
421 verbose targetResolver reading package data from E:\FindU-web\node_modules\.2.0.1@inherits\LICENSE\package.json
422 verbose targetResolver reading package data from E:\FindU-web\node_modules\.2.0.1@inherits\README.md\package.json
423 verbose targetResolver reading package data from E:\FindU-web\node_modules\.2.0.1@inherits\inherits.js\package.json
424 verbose targetResolver reading package data from E:\FindU-web\node_modules\.2.0.1@inherits\inherits_browser.js\package.json
425 verbose targetResolver reading package data from E:\FindU-web\node_modules\.2.0.1@inherits\package.json\package.json
426 verbose targetResolver reading package data from E:\FindU-web\node_modules\.2.0.1@inherits\test.js\package.json
427 verbose targetResolver reading package data from E:\FindU-web\node_modules\.2.0.1@sqlstring\HISTORY.md\package.json
428 verbose targetResolver reading package data from E:\FindU-web\node_modules\.2.0.1@sqlstring\LICENSE\package.json
429 verbose targetResolver reading package data from E:\FindU-web\node_modules\.2.0.1@sqlstring\README.md\package.json
430 verbose targetResolver reading package data from E:\FindU-web\node_modules\.2.0.1@sqlstring\index.js\package.json
431 verbose targetResolver reading package data from E:\FindU-web\node_modules\.2.0.1@sqlstring\lib\package.json
432 verbose targetResolver reading package data from E:\FindU-web\node_modules\.2.0.1@sqlstring\package.json\package.json
433 verbose targetResolver reading package data from E:\FindU-web\node_modules\.2.1.11@mime-types\HISTORY.md\package.json
434 verbose targetResolver reading package data from E:\FindU-web\node_modules\.2.1.11@mime-types\LICENSE\package.json
435 verbose targetResolver reading package data from E:\FindU-web\node_modules\.2.1.11@mime-types\README.md\package.json
436 verbose targetResolver reading package data from E:\FindU-web\node_modules\.2.1.11@mime-types\index.js\package.json
437 verbose targetResolver reading package data from E:\FindU-web\node_modules\.2.1.11@mime-types\node_modules\package.json
438 verbose targetResolver reading package data from E:\FindU-web\node_modules\.2.1.11@mime-types\package.json\package.json
439 verbose targetResolver reading package data from E:\FindU-web\node_modules\.2.11.1@mysql\Changes.md\package.json
440 verbose targetResolver reading package data from E:\FindU-web\node_modules\.2.11.1@mysql\License\package.json
441 verbose targetResolver reading package data from E:\FindU-web\node_modules\.2.11.1@mysql\Readme.md\package.json
442 verbose targetResolver reading package data from E:\FindU-web\node_modules\.2.11.1@mysql\index.js\package.json
443 verbose targetResolver reading package data from E:\FindU-web\node_modules\.2.11.1@mysql\lib\package.json
444 verbose targetResolver reading package data from E:\FindU-web\node_modules\.2.11.1@mysql\node_modules\package.json
445 verbose targetResolver reading package data from E:\FindU-web\node_modules\.2.11.1@mysql\package.json\package.json
446 verbose targetResolver reading package data from E:\FindU-web\node_modules\.2.14.1@moment\CHANGELOG.md\package.json
447 verbose targetResolver reading package data from E:\FindU-web\node_modules\.2.14.1@moment\LICENSE\package.json
448 verbose targetResolver reading package data from E:\FindU-web\node_modules\.2.14.1@moment\README.md\package.json
449 verbose targetResolver reading package data from E:\FindU-web\node_modules\.2.14.1@moment\ender.js\package.json
450 verbose targetResolver reading package data from E:\FindU-web\node_modules\.2.14.1@moment\locale\package.json
451 verbose targetResolver reading package data from E:\FindU-web\node_modules\.2.14.1@moment\min\package.json
452 verbose targetResolver reading package data from E:\FindU-web\node_modules\.2.14.1@moment\moment.d.ts\package.json
453 verbose targetResolver reading package data from E:\FindU-web\node_modules\.2.14.1@moment\moment.js\package.json
454 verbose targetResolver reading package data from E:\FindU-web\node_modules\.2.14.1@moment\package.js\package.json
455 verbose targetResolver reading package data from E:\FindU-web\node_modules\.2.14.1@moment\package.json\package.json
456 verbose targetResolver reading package data from E:\FindU-web\node_modules\.2.14.1@moment\src\package.json
457 verbose targetResolver reading package data from E:\FindU-web\node_modules\.2.2.0@debug\History.md\package.json
458 verbose targetResolver reading package data from E:\FindU-web\node_modules\.2.2.0@debug\Makefile\package.json
459 verbose targetResolver reading package data from E:\FindU-web\node_modules\.2.2.0@debug\Readme.md\package.json
460 verbose targetResolver reading package data from E:\FindU-web\node_modules\.2.2.0@debug\bower.json\package.json
461 verbose targetResolver reading package data from E:\FindU-web\node_modules\.2.2.0@debug\browser.js\package.json
462 verbose targetResolver reading package data from E:\FindU-web\node_modules\.2.2.0@debug\component.json\package.json
463 verbose targetResolver reading package data from E:\FindU-web\node_modules\.2.2.0@debug\debug.js\package.json
464 verbose targetResolver reading package data from E:\FindU-web\node_modules\.2.2.0@debug\node.js\package.json
465 verbose targetResolver reading package data from E:\FindU-web\node_modules\.2.2.0@debug\node_modules\package.json
466 verbose targetResolver reading package data from E:\FindU-web\node_modules\.2.2.0@debug\package.json\package.json
467 verbose targetResolver reading package data from E:\FindU-web\node_modules\.2.2.3@nodejieba\ChangeLog.md\package.json
468 verbose targetResolver reading package data from E:\FindU-web\node_modules\.2.2.3@nodejieba\README.md\package.json
469 verbose targetResolver reading package data from E:\FindU-web\node_modules\.2.2.3@nodejieba\README_EN.md\package.json
470 verbose targetResolver reading package data from E:\FindU-web\node_modules\.2.2.3@nodejieba\binding.gyp\package.json
471 verbose targetResolver reading package data from E:\FindU-web\node_modules\.2.2.3@nodejieba\build\package.json
472 verbose targetResolver reading package data from E:\FindU-web\node_modules\.2.2.3@nodejieba\deps\package.json
473 verbose targetResolver reading package data from E:\FindU-web\node_modules\.2.2.3@nodejieba\dict\package.json
474 verbose targetResolver reading package data from E:\FindU-web\node_modules\.2.2.3@nodejieba\index.js\package.json
475 verbose targetResolver reading package data from E:\FindU-web\node_modules\.2.2.3@nodejieba\lib\package.json
476 verbose targetResolver reading package data from E:\FindU-web\node_modules\.2.2.3@nodejieba\node_modules\package.json
477 verbose targetResolver reading package data from E:\FindU-web\node_modules\.2.2.3@nodejieba\package.json\package.json
478 verbose targetResolver reading package data from E:\FindU-web\node_modules\.2.2.3@nodejieba\test\package.json
479 verbose targetResolver reading package data from E:\FindU-web\node_modules\.2.3.0@bignumber.js\LICENCE\package.json
480 verbose targetResolver reading package data from E:\FindU-web\node_modules\.2.3.0@bignumber.js\README.md\package.json
481 verbose targetResolver reading package data from E:\FindU-web\node_modules\.2.3.0@bignumber.js\bignumber.js\package.json
482 verbose targetResolver reading package data from E:\FindU-web\node_modules\.2.3.0@bignumber.js\bignumber.js.map\package.json
483 verbose targetResolver reading package data from E:\FindU-web\node_modules\.2.3.0@bignumber.js\bignumber.min.js\package.json
484 verbose targetResolver reading package data from E:\FindU-web\node_modules\.2.3.0@bignumber.js\bower.json\package.json
485 verbose targetResolver reading package data from E:\FindU-web\node_modules\.2.3.0@bignumber.js\doc\package.json
486 verbose targetResolver reading package data from E:\FindU-web\node_modules\.2.3.0@bignumber.js\package.json\package.json
487 verbose targetResolver reading package data from E:\FindU-web\node_modules\.2.3.0@on-finished\HISTORY.md\package.json
488 verbose targetResolver reading package data from E:\FindU-web\node_modules\.2.3.0@on-finished\LICENSE\package.json
489 verbose targetResolver reading package data from E:\FindU-web\node_modules\.2.3.0@on-finished\README.md\package.json
490 verbose targetResolver reading package data from E:\FindU-web\node_modules\.2.3.0@on-finished\index.js\package.json
491 verbose targetResolver reading package data from E:\FindU-web\node_modules\.2.3.0@on-finished\node_modules\package.json
492 verbose targetResolver reading package data from E:\FindU-web\node_modules\.2.3.0@on-finished\package.json\package.json
493 verbose targetResolver reading package data from E:\FindU-web\node_modules\.2.3.5@nan\CHANGELOG.md\package.json
494 verbose targetResolver reading package data from E:\FindU-web\node_modules\.2.3.5@nan\LICENSE.md\package.json
495 verbose targetResolver reading package data from E:\FindU-web\node_modules\.2.3.5@nan\README.md\package.json
496 verbose targetResolver reading package data from E:\FindU-web\node_modules\.2.3.5@nan\doc\package.json
497 verbose targetResolver reading package data from E:\FindU-web\node_modules\.2.3.5@nan\include_dirs.js\package.json
498 verbose targetResolver reading package data from E:\FindU-web\node_modules\.2.3.5@nan\nan.h\package.json
499 verbose targetResolver reading package data from E:\FindU-web\node_modules\.2.3.5@nan\nan_callbacks.h\package.json
500 verbose targetResolver reading package data from E:\FindU-web\node_modules\.2.3.5@nan\nan_callbacks_12_inl.h\package.json
501 verbose targetResolver reading package data from E:\FindU-web\node_modules\.2.3.5@nan\nan_callbacks_pre_12_inl.h\package.json
502 verbose targetResolver reading package data from E:\FindU-web\node_modules\.2.3.5@nan\nan_converters.h\package.json
503 verbose targetResolver reading package data from E:\FindU-web\node_modules\.2.3.5@nan\nan_converters_43_inl.h\package.json
504 verbose targetResolver reading package data from E:\FindU-web\node_modules\.2.3.5@nan\nan_converters_pre_43_inl.h\package.json
505 verbose targetResolver reading package data from E:\FindU-web\node_modules\.2.3.5@nan\nan_implementation_12_inl.h\package.json
506 verbose targetResolver reading package data from E:\FindU-web\node_modules\.2.3.5@nan\nan_implementation_pre_12_inl.h\package.json
507 verbose targetResolver reading package data from E:\FindU-web\node_modules\.2.3.5@nan\nan_maybe_43_inl.h\package.json
508 verbose targetResolver reading package data from E:\FindU-web\node_modules\.2.3.5@nan\nan_maybe_pre_43_inl.h\package.json
509 verbose targetResolver reading package data from E:\FindU-web\node_modules\.2.3.5@nan\nan_new.h\package.json
510 verbose targetResolver reading package data from E:\FindU-web\node_modules\.2.3.5@nan\nan_object_wrap.h\package.json
511 verbose targetResolver reading package data from E:\FindU-web\node_modules\.2.3.5@nan\nan_persistent_12_inl.h\package.json
512 verbose targetResolver reading package data from E:\FindU-web\node_modules\.2.3.5@nan\nan_persistent_pre_12_inl.h\package.json
513 verbose targetResolver reading package data from E:\FindU-web\node_modules\.2.3.5@nan\nan_string_bytes.h\package.json
514 verbose targetResolver reading package data from E:\FindU-web\node_modules\.2.3.5@nan\nan_typedarray_contents.h\package.json
515 verbose targetResolver reading package data from E:\FindU-web\node_modules\.2.3.5@nan\nan_weak.h\package.json
516 verbose targetResolver reading package data from E:\FindU-web\node_modules\.2.3.5@nan\package.json\package.json
517 verbose targetResolver reading package data from E:\FindU-web\node_modules\.2.3.5@nan\tools\package.json
518 verbose targetResolver reading package data from E:\FindU-web\node_modules\.2.5.0@jszip\CHANGES.md\package.json
519 verbose targetResolver reading package data from E:\FindU-web\node_modules\.2.5.0@jszip\CHANGES.md.orig\package.json
520 verbose targetResolver reading package data from E:\FindU-web\node_modules\.2.5.0@jszip\LICENSE.markdown\package.json
521 verbose targetResolver reading package data from E:\FindU-web\node_modules\.2.5.0@jszip\README.markdown\package.json
522 verbose targetResolver reading package data from E:\FindU-web\node_modules\.2.5.0@jszip\index.html.orig\package.json
523 verbose targetResolver reading package data from E:\FindU-web\node_modules\.2.5.0@jszip\lib\package.json
524 verbose targetResolver reading package data from E:\FindU-web\node_modules\.2.5.0@jszip\node_modules\package.json
525 verbose targetResolver reading package data from E:\FindU-web\node_modules\.2.5.0@jszip\package.json\package.json
526 verbose targetResolver reading package data from E:\FindU-web\node_modules\.2.5.0@jszip\vendor\package.json
527 verbose targetResolver reading package data from E:\FindU-web\node_modules\.2.8.0@pinyin\CHANGELOG.md\package.json
528 verbose targetResolver reading package data from E:\FindU-web\node_modules\.2.8.0@pinyin\README.md\package.json
529 verbose targetResolver reading package data from E:\FindU-web\node_modules\.2.8.0@pinyin\bin\package.json
530 verbose targetResolver reading package data from E:\FindU-web\node_modules\.2.8.0@pinyin\data\package.json
531 verbose targetResolver reading package data from E:\FindU-web\node_modules\.2.8.0@pinyin\index.js\package.json
532 verbose targetResolver reading package data from E:\FindU-web\node_modules\.2.8.0@pinyin\lib\package.json
533 verbose targetResolver reading package data from E:\FindU-web\node_modules\.2.8.0@pinyin\node_modules\package.json
534 verbose targetResolver reading package data from E:\FindU-web\node_modules\.2.8.0@pinyin\package.json\package.json
535 verbose targetResolver reading package data from E:\FindU-web\node_modules\.4.1.0@object-assign\index.js\package.json
536 verbose targetResolver reading package data from E:\FindU-web\node_modules\.4.1.0@object-assign\license\package.json
537 verbose targetResolver reading package data from E:\FindU-web\node_modules\.4.1.0@object-assign\package.json\package.json
538 verbose targetResolver reading package data from E:\FindU-web\node_modules\.4.1.0@object-assign\readme.md\package.json
539 verbose targetResolver reading package data from E:\FindU-web\node_modules\.3.0.0@collections\CHANGES.md\package.json
540 verbose targetResolver reading package data from E:\FindU-web\node_modules\.3.0.0@collections\FUTURE.md\package.json
541 verbose targetResolver reading package data from E:\FindU-web\node_modules\.3.0.0@collections\LICENSE.md\package.json
542 verbose targetResolver reading package data from E:\FindU-web\node_modules\.3.0.0@collections\README.md\package.json
543 verbose targetResolver reading package data from E:\FindU-web\node_modules\.3.0.0@collections\collections.js\package.json
544 verbose targetResolver reading package data from E:\FindU-web\node_modules\.3.0.0@collections\deque.js\package.json
545 verbose targetResolver reading package data from E:\FindU-web\node_modules\.3.0.0@collections\dict.js\package.json
546 verbose targetResolver reading package data from E:\FindU-web\node_modules\.3.0.0@collections\fast-map.js\package.json
547 verbose targetResolver reading package data from E:\FindU-web\node_modules\.3.0.0@collections\fast-set.js\package.json
548 verbose targetResolver reading package data from E:\FindU-web\node_modules\.3.0.0@collections\generic-collection.js\package.json
549 verbose targetResolver reading package data from E:\FindU-web\node_modules\.3.0.0@collections\generic-map.js\package.json
550 verbose targetResolver reading package data from E:\FindU-web\node_modules\.3.0.0@collections\generic-order.js\package.json
551 verbose targetResolver reading package data from E:\FindU-web\node_modules\.3.0.0@collections\generic-set.js\package.json
552 verbose targetResolver reading package data from E:\FindU-web\node_modules\.3.0.0@collections\heap.js\package.json
553 verbose targetResolver reading package data from E:\FindU-web\node_modules\.3.0.0@collections\iterator.js\package.json
554 verbose targetResolver reading package data from E:\FindU-web\node_modules\.3.0.0@collections\lfu-map.js\package.json
555 verbose targetResolver reading package data from E:\FindU-web\node_modules\.3.0.0@collections\lfu-set.js\package.json
556 verbose targetResolver reading package data from E:\FindU-web\node_modules\.3.0.0@collections\list.js\package.json
557 verbose targetResolver reading package data from E:\FindU-web\node_modules\.3.0.0@collections\listen\package.json
558 verbose targetResolver reading package data from E:\FindU-web\node_modules\.3.0.0@collections\lru-map.js\package.json
559 verbose targetResolver reading package data from E:\FindU-web\node_modules\.3.0.0@collections\lru-set.js\package.json
560 verbose targetResolver reading package data from E:\FindU-web\node_modules\.3.0.0@collections\map.js\package.json
561 verbose targetResolver reading package data from E:\FindU-web\node_modules\.3.0.0@collections\multi-map.js\package.json
562 verbose targetResolver reading package data from E:\FindU-web\node_modules\.3.0.0@collections\node_modules\package.json
563 verbose targetResolver reading package data from E:\FindU-web\node_modules\.3.0.0@collections\package.json\package.json
564 verbose targetResolver reading package data from E:\FindU-web\node_modules\.3.0.0@collections\set.js\package.json
565 verbose targetResolver reading package data from E:\FindU-web\node_modules\.3.0.0@collections\shim-array.js\package.json
566 verbose targetResolver reading package data from E:\FindU-web\node_modules\.3.0.0@collections\shim-function.js\package.json
567 verbose targetResolver reading package data from E:\FindU-web\node_modules\.3.0.0@collections\shim-object.js\package.json
568 verbose targetResolver reading package data from E:\FindU-web\node_modules\.3.0.0@collections\shim-regexp.js\package.json
569 verbose targetResolver reading package data from E:\FindU-web\node_modules\.3.0.0@collections\shim.js\package.json
570 verbose targetResolver reading package data from E:\FindU-web\node_modules\.3.0.0@collections\sorted-array-map.js\package.json
571 verbose targetResolver reading package data from E:\FindU-web\node_modules\.3.0.0@collections\sorted-array-set.js\package.json
572 verbose targetResolver reading package data from E:\FindU-web\node_modules\.3.0.0@collections\sorted-array.js\package.json
573 verbose targetResolver reading package data from E:\FindU-web\node_modules\.3.0.0@collections\sorted-map.js\package.json
574 verbose targetResolver reading package data from E:\FindU-web\node_modules\.3.0.0@collections\sorted-set.js\package.json
575 verbose targetResolver reading package data from E:\FindU-web\node_modules\.3.0.0@collections\tree-log.js\package.json
576 verbose targetResolver reading package data from E:\FindU-web\node_modules\.3.0.0@collections\weak-map.js\package.json
577 verbose targetResolver reading package data from E:\FindU-web\node_modules\.4.14.0@express\History.md\package.json
578 verbose targetResolver reading package data from E:\FindU-web\node_modules\.4.14.0@express\LICENSE\package.json
579 verbose targetResolver reading package data from E:\FindU-web\node_modules\.4.14.0@express\Readme.md\package.json
580 verbose targetResolver reading package data from E:\FindU-web\node_modules\.4.14.0@express\index.js\package.json
581 verbose targetResolver reading package data from E:\FindU-web\node_modules\.4.14.0@express\lib\package.json
582 verbose targetResolver reading package data from E:\FindU-web\node_modules\.4.14.0@express\node_modules\package.json
583 verbose targetResolver reading package data from E:\FindU-web\node_modules\.4.14.0@express\package.json\package.json
584 verbose targetResolver reading package data from E:\FindU-web\node_modules\.6.2.0@qs\CHANGELOG.md\package.json
585 verbose targetResolver reading package data from E:\FindU-web\node_modules\.6.2.0@qs\CONTRIBUTING.md\package.json
586 verbose targetResolver reading package data from E:\FindU-web\node_modules\.6.2.0@qs\LICENSE\package.json
587 verbose targetResolver reading package data from E:\FindU-web\node_modules\.6.2.0@qs\dist\package.json
588 verbose targetResolver reading package data from E:\FindU-web\node_modules\.6.2.0@qs\lib\package.json
589 verbose targetResolver reading package data from E:\FindU-web\node_modules\.6.2.0@qs\package.json\package.json
590 verbose targetResolver reading package data from E:\FindU-web\node_modules\.6.2.0@qs\test\package.json
591 verbose targetResolver reading package data from E:\FindU-web\node_modules\.bin\pinyin\package.json
592 verbose targetResolver reading package data from E:\FindU-web\node_modules\.bin\pinyin.cmd\package.json
593 verbose targetResolver reading package data from E:\FindU-web\node_modules\.1.2.4@collections\CHANGES.md\package.json
594 verbose targetResolver reading package data from E:\FindU-web\node_modules\.1.2.4@collections\FUTURE.md\package.json
595 verbose targetResolver reading package data from E:\FindU-web\node_modules\.1.2.4@collections\LICENSE.md\package.json
596 verbose targetResolver reading package data from E:\FindU-web\node_modules\.1.2.4@collections\README.md\package.json
597 verbose targetResolver reading package data from E:\FindU-web\node_modules\.1.2.4@collections\collections.js\package.json
598 verbose targetResolver reading package data from E:\FindU-web\node_modules\.1.2.4@collections\deque.js\package.json
599 verbose targetResolver reading package data from E:\FindU-web\node_modules\.1.2.4@collections\dict.js\package.json
600 verbose targetResolver reading package data from E:\FindU-web\node_modules\.1.2.4@collections\fast-map.js\package.json
601 verbose targetResolver reading package data from E:\FindU-web\node_modules\.1.2.4@collections\fast-set.js\package.json
602 verbose targetResolver reading package data from E:\FindU-web\node_modules\.1.2.4@collections\generic-collection.js\package.json
603 verbose targetResolver reading package data from E:\FindU-web\node_modules\.1.2.4@collections\generic-map.js\package.json
604 verbose targetResolver reading package data from E:\FindU-web\node_modules\.1.2.4@collections\generic-order.js\package.json
605 verbose targetResolver reading package data from E:\FindU-web\node_modules\.1.2.4@collections\generic-set.js\package.json
606 verbose targetResolver reading package data from E:\FindU-web\node_modules\.1.2.4@collections\heap.js\package.json
607 verbose targetResolver reading package data from E:\FindU-web\node_modules\.1.2.4@collections\iterator.js\package.json
608 verbose targetResolver reading package data from E:\FindU-web\node_modules\.1.2.4@collections\lfu-map.js\package.json
609 verbose targetResolver reading package data from E:\FindU-web\node_modules\.1.2.4@collections\lfu-set.js\package.json
610 verbose targetResolver reading package data from E:\FindU-web\node_modules\.1.2.4@collections\list.js\package.json
611 verbose targetResolver reading package data from E:\FindU-web\node_modules\.1.2.4@collections\listen\package.json
612 verbose targetResolver reading package data from E:\FindU-web\node_modules\.1.2.4@collections\lru-map.js\package.json
613 verbose targetResolver reading package data from E:\FindU-web\node_modules\.1.2.4@collections\lru-set.js\package.json
614 verbose targetResolver reading package data from E:\FindU-web\node_modules\.1.2.4@collections\map.js\package.json
615 verbose targetResolver reading package data from E:\FindU-web\node_modules\.1.2.4@collections\multi-map.js\package.json
616 verbose targetResolver reading package data from E:\FindU-web\node_modules\.1.2.4@collections\node_modules\package.json
617 verbose targetResolver reading package data from E:\FindU-web\node_modules\.1.2.4@collections\package.json\package.json
618 verbose targetResolver reading package data from E:\FindU-web\node_modules\.1.2.4@collections\set.js\package.json
619 verbose targetResolver reading package data from E:\FindU-web\node_modules\.1.2.4@collections\shim-array.js\package.json
620 verbose targetResolver reading package data from E:\FindU-web\node_modules\.1.2.4@collections\shim-function.js\package.json
621 verbose targetResolver reading package data from E:\FindU-web\node_modules\.1.2.4@collections\shim-object.js\package.json
622 verbose targetResolver reading package data from E:\FindU-web\node_modules\.1.2.4@collections\shim-regexp.js\package.json
623 verbose targetResolver reading package data from E:\FindU-web\node_modules\.1.2.4@collections\shim.js\package.json
624 verbose targetResolver reading package data from E:\FindU-web\node_modules\.1.2.4@collections\sorted-array-map.js\package.json
625 verbose targetResolver reading package data from E:\FindU-web\node_modules\.1.2.4@collections\sorted-array-set.js\package.json
626 verbose targetResolver reading package data from E:\FindU-web\node_modules\.1.2.4@collections\sorted-array.js\package.json
627 verbose targetResolver reading package data from E:\FindU-web\node_modules\.1.2.4@collections\sorted-map.js\package.json
628 verbose targetResolver reading package data from E:\FindU-web\node_modules\.1.2.4@collections\sorted-set.js\package.json
629 verbose targetResolver reading package data from E:\FindU-web\node_modules\.1.2.4@collections\tree-log.js\package.json
630 verbose targetResolver reading package data from E:\FindU-web\node_modules\.1.2.4@collections\weak-map.js\package.json
631 verbose already installed skipping node-excel@^0.5.0 E:\FindU-web
632 verbose already installed skipping pinyin@^2.8.0 E:\FindU-web
633 verbose already installed skipping underscore@^1.8.3 E:\FindU-web
634 verbose already installed skipping cookie-parser@^1.4.3 E:\FindU-web
635 verbose already installed skipping excel-export@^0.5.1 E:\FindU-web
636 verbose already installed skipping express@^4.14.0 E:\FindU-web
637 verbose already installed skipping moment@^2.14.1 E:\FindU-web
638 verbose already installed skipping mysql@^2.11.1 E:\FindU-web
639 silly install resolved []
640 info build E:\FindU-web
641 info linkStuff uek@1.0.0
642 silly linkStuff uek@1.0.0 has E:\ as its parent node_modules
643 verbose linkBins uek@1.0.0
644 verbose linkMans uek@1.0.0
645 verbose rebuildBundles uek@1.0.0
646 verbose rebuildBundles [ '.0.0.1@isarray',
646 verbose rebuildBundles   '.0.1.0@forwarded',
646 verbose rebuildBundles   '.0.1.0@keypress',
646 verbose rebuildBundles   '.0.1.7@path-to-regexp',
646 verbose rebuildBundles   '.0.10.31@string_decoder',
646 verbose rebuildBundles   '.0.14.1@send',
646 verbose rebuildBundles   '.0.2.9@pako',
646 verbose rebuildBundles   '.0.3.0@fresh',
646 verbose rebuildBundles   '.0.3.0@media-typer',
646 verbose rebuildBundles   '.0.3.1@cookie',
646 verbose rebuildBundles   '.0.5.0@finalhandler',
646 verbose rebuildBundles   '.0.5.0@node-excel',
646 verbose rebuildBundles   '.0.5.1@content-disposition',
646 verbose rebuildBundles   '.0.5.1@excel-export',
646 verbose rebuildBundles   '.0.6.1@negotiator',
646 verbose rebuildBundles   '.0.7.1@ms',
646 verbose rebuildBundles   '.1.0.0@unpipe',
646 verbose rebuildBundles   '.1.0.0@utils-merge',
646 verbose rebuildBundles   '.1.0.1@encodeurl',
646 verbose rebuildBundles   '.1.0.1@merge-descriptors',
646 verbose rebuildBundles   '.1.0.1@setprototypeof',
646 verbose rebuildBundles   '.1.0.2@content-type',
646 verbose rebuildBundles   '.1.0.2@core-util-is',
646 verbose rebuildBundles   '.1.0.3@escape-html',
646 verbose rebuildBundles   '.1.0.4@destroy',
646 verbose rebuildBundles   '.1.0.5@weak-map',
646 verbose rebuildBundles   '.1.0.6@cookie-signature',
646 verbose rebuildBundles   '.1.1.0@depd',
646 verbose rebuildBundles   '.1.1.0@vary',
646 verbose rebuildBundles   '.1.1.14@readable-stream',
646 verbose rebuildBundles   '.1.1.1@array-flatten',
646 verbose rebuildBundles   '.1.1.1@commander',
646 verbose rebuildBundles   '.1.1.1@ee-first',
646 verbose rebuildBundles   '.1.1.1@ipaddr.js',
646 verbose rebuildBundles   '.1.1.1@node-zip',
646 verbose rebuildBundles   '.1.1.2@methods',
646 verbose rebuildBundles   '.1.1.2@proxy-addr',
646 verbose rebuildBundles   '.1.11.1@serve-static',
646 verbose rebuildBundles   '.1.2.0@range-parser',
646 verbose rebuildBundles   '.1.2.4@collections',
646 verbose rebuildBundles   '.1.23.0@mime-db',
646 verbose rebuildBundles   '.1.3.0@statuses',
646 verbose rebuildBundles   '.1.3.1@parseurl',
646 verbose rebuildBundles   '.1.3.3@accepts',
646 verbose rebuildBundles   '.1.3.4@mime',
646 verbose rebuildBundles   '.1.4.3@cookie-parser',
646 verbose rebuildBundles   '.1.5.0@http-errors',
646 verbose rebuildBundles   '.1.6.13@type-is',
646 verbose rebuildBundles   '.1.7.0@etag',
646 verbose rebuildBundles   '.1.8.3@underscore',
646 verbose rebuildBundles   '.2.0.1@inherits',
646 verbose rebuildBundles   '.2.0.1@sqlstring',
646 verbose rebuildBundles   '.2.1.11@mime-types',
646 verbose rebuildBundles   '.2.11.1@mysql',
646 verbose rebuildBundles   '.2.14.1@moment',
646 verbose rebuildBundles   '.2.2.0@debug',
646 verbose rebuildBundles   '.2.2.3@nodejieba',
646 verbose rebuildBundles   '.2.3.0@bignumber.js',
646 verbose rebuildBundles   '.2.3.0@on-finished',
646 verbose rebuildBundles   '.2.3.5@nan',
646 verbose rebuildBundles   '.2.5.0@jszip',
646 verbose rebuildBundles   '.2.8.0@pinyin',
646 verbose rebuildBundles   '.3.0.0@collections',
646 verbose rebuildBundles   '.4.1.0@object-assign',
646 verbose rebuildBundles   '.4.14.0@express',
646 verbose rebuildBundles   '.6.2.0@qs',
646 verbose rebuildBundles   '.bin',
646 verbose rebuildBundles   'accepts',
646 verbose rebuildBundles   'array-flatten',
646 verbose rebuildBundles   'bignumber.js',
646 verbose rebuildBundles   'collections',
646 verbose rebuildBundles   'commander',
646 verbose rebuildBundles   'content-disposition',
646 verbose rebuildBundles   'content-type',
646 verbose rebuildBundles   'cookie',
646 verbose rebuildBundles   'cookie-parser',
646 verbose rebuildBundles   'cookie-signature',
646 verbose rebuildBundles   'core-util-is',
646 verbose rebuildBundles   'debug',
646 verbose rebuildBundles   'depd',
646 verbose rebuildBundles   'destroy',
646 verbose rebuildBundles   'ee-first',
646 verbose rebuildBundles   'encodeurl',
646 verbose rebuildBundles   'escape-html',
646 verbose rebuildBundles   'etag',
646 verbose rebuildBundles   'excel-export',
646 verbose rebuildBundles   'express',
646 verbose rebuildBundles   'finalhandler',
646 verbose rebuildBundles   'forwarded',
646 verbose rebuildBundles   'fresh',
646 verbose rebuildBundles   'http-errors',
646 verbose rebuildBundles   'inherits',
646 verbose rebuildBundles   'ipaddr.js',
646 verbose rebuildBundles   'isarray',
646 verbose rebuildBundles   'jszip',
646 verbose rebuildBundles   'keypress',
646 verbose rebuildBundles   'media-typer',
646 verbose rebuildBundles   'merge-descriptors',
646 verbose rebuildBundles   'methods',
646 verbose rebuildBundles   'mime',
646 verbose rebuildBundles   'mime-db',
646 verbose rebuildBundles   'mime-types',
646 verbose rebuildBundles   'moment',
646 verbose rebuildBundles   'ms',
646 verbose rebuildBundles   'mysql',
646 verbose rebuildBundles   'nan',
646 verbose rebuildBundles   'negotiator',
646 verbose rebuildBundles   'node-excel',
646 verbose rebuildBundles   'node-zip',
646 verbose rebuildBundles   'nodejieba',
646 verbose rebuildBundles   'object-assign',
646 verbose rebuildBundles   'on-finished',
646 verbose rebuildBundles   'pako',
646 verbose rebuildBundles   'parseurl',
646 verbose rebuildBundles   'path-to-regexp',
646 verbose rebuildBundles   'pinyin',
646 verbose rebuildBundles   'proxy-addr',
646 verbose rebuildBundles   'qs',
646 verbose rebuildBundles   'range-parser',
646 verbose rebuildBundles   'readable-stream',
646 verbose rebuildBundles   'send',
646 verbose rebuildBundles   'serve-static',
646 verbose rebuildBundles   'setprototypeof',
646 verbose rebuildBundles   'sqlstring',
646 verbose rebuildBundles   'statuses',
646 verbose rebuildBundles   'string_decoder',
646 verbose rebuildBundles   'type-is',
646 verbose rebuildBundles   'underscore',
646 verbose rebuildBundles   'unpipe',
646 verbose rebuildBundles   'utils-merge',
646 verbose rebuildBundles   'vary',
646 verbose rebuildBundles   'weak-map' ]
647 verbose rebuild bundle E:\FindU-web\node_modules\accepts
648 info build E:\FindU-web\node_modules\accepts
649 info preinstall accepts@1.3.3
650 info linkStuff accepts@1.3.3
651 silly linkStuff accepts@1.3.3 has E:\FindU-web\node_modules as its parent node_modules
652 verbose linkBins accepts@1.3.3
653 verbose linkMans accepts@1.3.3
654 verbose rebuildBundles accepts@1.3.3
655 verbose rebuildBundles [ 'mime-types', 'negotiator' ]
656 info install accepts@1.3.3
657 info postinstall accepts@1.3.3
658 verbose rebuild bundle E:\FindU-web\node_modules\array-flatten
659 info build E:\FindU-web\node_modules\array-flatten
660 info preinstall array-flatten@1.1.1
661 info linkStuff array-flatten@1.1.1
662 silly linkStuff array-flatten@1.1.1 has E:\FindU-web\node_modules as its parent node_modules
663 verbose linkBins array-flatten@1.1.1
664 verbose linkMans array-flatten@1.1.1
665 verbose rebuildBundles array-flatten@1.1.1
666 info install array-flatten@1.1.1
667 info postinstall array-flatten@1.1.1
668 verbose rebuild bundle E:\FindU-web\node_modules\bignumber.js
669 info build E:\FindU-web\node_modules\bignumber.js
670 info preinstall bignumber.js@2.3.0
671 info linkStuff bignumber.js@2.3.0
672 silly linkStuff bignumber.js@2.3.0 has E:\FindU-web\node_modules as its parent node_modules
673 verbose linkBins bignumber.js@2.3.0
674 verbose linkMans bignumber.js@2.3.0
675 verbose rebuildBundles bignumber.js@2.3.0
676 info install bignumber.js@2.3.0
677 info postinstall bignumber.js@2.3.0
678 verbose rebuild bundle E:\FindU-web\node_modules\collections
679 info build E:\FindU-web\node_modules\collections
680 info preinstall collections@3.0.0
681 info linkStuff collections@3.0.0
682 silly linkStuff collections@3.0.0 has E:\FindU-web\node_modules as its parent node_modules
683 verbose linkBins collections@3.0.0
684 verbose linkMans collections@3.0.0
685 verbose rebuildBundles collections@3.0.0
686 verbose rebuildBundles [ 'weak-map' ]
687 info install collections@3.0.0
688 info postinstall collections@3.0.0
689 verbose rebuild bundle E:\FindU-web\node_modules\commander
690 info build E:\FindU-web\node_modules\commander
691 info preinstall commander@1.1.1
692 info linkStuff commander@1.1.1
693 silly linkStuff commander@1.1.1 has E:\FindU-web\node_modules as its parent node_modules
694 verbose linkBins commander@1.1.1
695 verbose linkMans commander@1.1.1
696 verbose rebuildBundles commander@1.1.1
697 verbose rebuildBundles [ 'keypress' ]
698 info install commander@1.1.1
699 info postinstall commander@1.1.1
700 verbose rebuild bundle E:\FindU-web\node_modules\content-disposition
701 info build E:\FindU-web\node_modules\content-disposition
702 info preinstall content-disposition@0.5.1
703 info linkStuff content-disposition@0.5.1
704 silly linkStuff content-disposition@0.5.1 has E:\FindU-web\node_modules as its parent node_modules
705 verbose linkBins content-disposition@0.5.1
706 verbose linkMans content-disposition@0.5.1
707 verbose rebuildBundles content-disposition@0.5.1
708 info install content-disposition@0.5.1
709 info postinstall content-disposition@0.5.1
710 verbose rebuild bundle E:\FindU-web\node_modules\content-type
711 info build E:\FindU-web\node_modules\content-type
712 info preinstall content-type@1.0.2
713 info linkStuff content-type@1.0.2
714 silly linkStuff content-type@1.0.2 has E:\FindU-web\node_modules as its parent node_modules
715 verbose linkBins content-type@1.0.2
716 verbose linkMans content-type@1.0.2
717 verbose rebuildBundles content-type@1.0.2
718 info install content-type@1.0.2
719 info postinstall content-type@1.0.2
720 verbose rebuild bundle E:\FindU-web\node_modules\cookie
721 info build E:\FindU-web\node_modules\cookie
722 info preinstall cookie@0.3.1
723 info linkStuff cookie@0.3.1
724 silly linkStuff cookie@0.3.1 has E:\FindU-web\node_modules as its parent node_modules
725 verbose linkBins cookie@0.3.1
726 verbose linkMans cookie@0.3.1
727 verbose rebuildBundles cookie@0.3.1
728 info install cookie@0.3.1
729 info postinstall cookie@0.3.1
730 verbose rebuild bundle E:\FindU-web\node_modules\cookie-signature
731 info build E:\FindU-web\node_modules\cookie-signature
732 info preinstall cookie-signature@1.0.6
733 info linkStuff cookie-signature@1.0.6
734 silly linkStuff cookie-signature@1.0.6 has E:\FindU-web\node_modules as its parent node_modules
735 verbose linkBins cookie-signature@1.0.6
736 verbose linkMans cookie-signature@1.0.6
737 verbose rebuildBundles cookie-signature@1.0.6
738 info install cookie-signature@1.0.6
739 info postinstall cookie-signature@1.0.6
740 verbose rebuild bundle E:\FindU-web\node_modules\core-util-is
741 info build E:\FindU-web\node_modules\core-util-is
742 info preinstall core-util-is@1.0.2
743 info linkStuff core-util-is@1.0.2
744 silly linkStuff core-util-is@1.0.2 has E:\FindU-web\node_modules as its parent node_modules
745 verbose linkBins core-util-is@1.0.2
746 verbose linkMans core-util-is@1.0.2
747 verbose rebuildBundles core-util-is@1.0.2
748 info install core-util-is@1.0.2
749 info postinstall core-util-is@1.0.2
750 verbose rebuild bundle E:\FindU-web\node_modules\debug
751 info build E:\FindU-web\node_modules\debug
752 info preinstall debug@2.2.0
753 info linkStuff debug@2.2.0
754 silly linkStuff debug@2.2.0 has E:\FindU-web\node_modules as its parent node_modules
755 verbose linkBins debug@2.2.0
756 verbose linkMans debug@2.2.0
757 verbose rebuildBundles debug@2.2.0
758 verbose rebuildBundles [ 'ms' ]
759 info install debug@2.2.0
760 info postinstall debug@2.2.0
761 verbose rebuild bundle E:\FindU-web\node_modules\depd
762 info build E:\FindU-web\node_modules\depd
763 info preinstall depd@1.1.0
764 info linkStuff depd@1.1.0
765 silly linkStuff depd@1.1.0 has E:\FindU-web\node_modules as its parent node_modules
766 verbose linkBins depd@1.1.0
767 verbose linkMans depd@1.1.0
768 verbose rebuildBundles depd@1.1.0
769 info install depd@1.1.0
770 info postinstall depd@1.1.0
771 verbose rebuild bundle E:\FindU-web\node_modules\destroy
772 info build E:\FindU-web\node_modules\destroy
773 info preinstall destroy@1.0.4
774 info linkStuff destroy@1.0.4
775 silly linkStuff destroy@1.0.4 has E:\FindU-web\node_modules as its parent node_modules
776 verbose linkBins destroy@1.0.4
777 verbose linkMans destroy@1.0.4
778 verbose rebuildBundles destroy@1.0.4
779 info install destroy@1.0.4
780 info postinstall destroy@1.0.4
781 verbose rebuild bundle E:\FindU-web\node_modules\ee-first
782 info build E:\FindU-web\node_modules\ee-first
783 info preinstall ee-first@1.1.1
784 info linkStuff ee-first@1.1.1
785 silly linkStuff ee-first@1.1.1 has E:\FindU-web\node_modules as its parent node_modules
786 verbose linkBins ee-first@1.1.1
787 verbose linkMans ee-first@1.1.1
788 verbose rebuildBundles ee-first@1.1.1
789 info install ee-first@1.1.1
790 info postinstall ee-first@1.1.1
791 verbose rebuild bundle E:\FindU-web\node_modules\encodeurl
792 info build E:\FindU-web\node_modules\encodeurl
793 info preinstall encodeurl@1.0.1
794 info linkStuff encodeurl@1.0.1
795 silly linkStuff encodeurl@1.0.1 has E:\FindU-web\node_modules as its parent node_modules
796 verbose linkBins encodeurl@1.0.1
797 verbose linkMans encodeurl@1.0.1
798 verbose rebuildBundles encodeurl@1.0.1
799 info install encodeurl@1.0.1
800 info postinstall encodeurl@1.0.1
801 verbose rebuild bundle E:\FindU-web\node_modules\escape-html
802 info build E:\FindU-web\node_modules\escape-html
803 info preinstall escape-html@1.0.3
804 info linkStuff escape-html@1.0.3
805 silly linkStuff escape-html@1.0.3 has E:\FindU-web\node_modules as its parent node_modules
806 verbose linkBins escape-html@1.0.3
807 verbose linkMans escape-html@1.0.3
808 verbose rebuildBundles escape-html@1.0.3
809 info install escape-html@1.0.3
810 info postinstall escape-html@1.0.3
811 verbose rebuild bundle E:\FindU-web\node_modules\etag
812 info build E:\FindU-web\node_modules\etag
813 info preinstall etag@1.7.0
814 info linkStuff etag@1.7.0
815 silly linkStuff etag@1.7.0 has E:\FindU-web\node_modules as its parent node_modules
816 verbose linkBins etag@1.7.0
817 verbose linkMans etag@1.7.0
818 verbose rebuildBundles etag@1.7.0
819 info install etag@1.7.0
820 info postinstall etag@1.7.0
821 verbose rebuild bundle E:\FindU-web\node_modules\finalhandler
822 info build E:\FindU-web\node_modules\finalhandler
823 info preinstall finalhandler@0.5.0
824 info linkStuff finalhandler@0.5.0
825 silly linkStuff finalhandler@0.5.0 has E:\FindU-web\node_modules as its parent node_modules
826 verbose linkBins finalhandler@0.5.0
827 verbose linkMans finalhandler@0.5.0
828 verbose rebuildBundles finalhandler@0.5.0
829 verbose rebuildBundles [ 'debug', 'escape-html', 'on-finished', 'statuses', 'unpipe' ]
830 info install finalhandler@0.5.0
831 info postinstall finalhandler@0.5.0
832 verbose rebuild bundle E:\FindU-web\node_modules\forwarded
833 info build E:\FindU-web\node_modules\forwarded
834 info preinstall forwarded@0.1.0
835 info linkStuff forwarded@0.1.0
836 silly linkStuff forwarded@0.1.0 has E:\FindU-web\node_modules as its parent node_modules
837 verbose linkBins forwarded@0.1.0
838 verbose linkMans forwarded@0.1.0
839 verbose rebuildBundles forwarded@0.1.0
840 info install forwarded@0.1.0
841 info postinstall forwarded@0.1.0
842 verbose rebuild bundle E:\FindU-web\node_modules\fresh
843 info build E:\FindU-web\node_modules\fresh
844 info preinstall fresh@0.3.0
845 info linkStuff fresh@0.3.0
846 silly linkStuff fresh@0.3.0 has E:\FindU-web\node_modules as its parent node_modules
847 verbose linkBins fresh@0.3.0
848 verbose linkMans fresh@0.3.0
849 verbose rebuildBundles fresh@0.3.0
850 info install fresh@0.3.0
851 info postinstall fresh@0.3.0
852 verbose rebuild bundle E:\FindU-web\node_modules\http-errors
853 info build E:\FindU-web\node_modules\http-errors
854 info preinstall http-errors@1.5.0
855 info linkStuff http-errors@1.5.0
856 silly linkStuff http-errors@1.5.0 has E:\FindU-web\node_modules as its parent node_modules
857 verbose linkBins http-errors@1.5.0
858 verbose linkMans http-errors@1.5.0
859 verbose rebuildBundles http-errors@1.5.0
860 verbose rebuildBundles [ 'inherits', 'setprototypeof', 'statuses' ]
861 info install http-errors@1.5.0
862 info postinstall http-errors@1.5.0
863 verbose rebuild bundle E:\FindU-web\node_modules\inherits
864 info build E:\FindU-web\node_modules\inherits
865 info preinstall inherits@2.0.1
866 info linkStuff inherits@2.0.1
867 silly linkStuff inherits@2.0.1 has E:\FindU-web\node_modules as its parent node_modules
868 verbose linkBins inherits@2.0.1
869 verbose linkMans inherits@2.0.1
870 verbose rebuildBundles inherits@2.0.1
871 info install inherits@2.0.1
872 info postinstall inherits@2.0.1
873 verbose rebuild bundle E:\FindU-web\node_modules\ipaddr.js
874 info build E:\FindU-web\node_modules\ipaddr.js
875 info preinstall ipaddr.js@1.1.1
876 info linkStuff ipaddr.js@1.1.1
877 silly linkStuff ipaddr.js@1.1.1 has E:\FindU-web\node_modules as its parent node_modules
878 verbose linkBins ipaddr.js@1.1.1
879 verbose linkMans ipaddr.js@1.1.1
880 verbose rebuildBundles ipaddr.js@1.1.1
881 info install ipaddr.js@1.1.1
882 info postinstall ipaddr.js@1.1.1
883 verbose rebuild bundle E:\FindU-web\node_modules\isarray
884 info build E:\FindU-web\node_modules\isarray
885 info preinstall isarray@0.0.1
886 info linkStuff isarray@0.0.1
887 silly linkStuff isarray@0.0.1 has E:\FindU-web\node_modules as its parent node_modules
888 verbose linkBins isarray@0.0.1
889 verbose linkMans isarray@0.0.1
890 verbose rebuildBundles isarray@0.0.1
891 info install isarray@0.0.1
892 info postinstall isarray@0.0.1
893 verbose rebuild bundle E:\FindU-web\node_modules\jszip
894 info build E:\FindU-web\node_modules\jszip
895 info preinstall jszip@2.5.0
896 info linkStuff jszip@2.5.0
897 silly linkStuff jszip@2.5.0 has E:\FindU-web\node_modules as its parent node_modules
898 verbose linkBins jszip@2.5.0
899 verbose linkMans jszip@2.5.0
900 verbose rebuildBundles jszip@2.5.0
901 verbose rebuildBundles [ 'pako' ]
902 info install jszip@2.5.0
903 info postinstall jszip@2.5.0
904 verbose rebuild bundle E:\FindU-web\node_modules\keypress
905 info build E:\FindU-web\node_modules\keypress
906 info preinstall keypress@0.1.0
907 info linkStuff keypress@0.1.0
908 silly linkStuff keypress@0.1.0 has E:\FindU-web\node_modules as its parent node_modules
909 verbose linkBins keypress@0.1.0
910 verbose linkMans keypress@0.1.0
911 verbose rebuildBundles keypress@0.1.0
912 info install keypress@0.1.0
913 info postinstall keypress@0.1.0
914 verbose rebuild bundle E:\FindU-web\node_modules\media-typer
915 info build E:\FindU-web\node_modules\media-typer
916 info preinstall media-typer@0.3.0
917 info linkStuff media-typer@0.3.0
918 silly linkStuff media-typer@0.3.0 has E:\FindU-web\node_modules as its parent node_modules
919 verbose linkBins media-typer@0.3.0
920 verbose linkMans media-typer@0.3.0
921 verbose rebuildBundles media-typer@0.3.0
922 info install media-typer@0.3.0
923 info postinstall media-typer@0.3.0
924 verbose rebuild bundle E:\FindU-web\node_modules\merge-descriptors
925 info build E:\FindU-web\node_modules\merge-descriptors
926 info preinstall merge-descriptors@1.0.1
927 info linkStuff merge-descriptors@1.0.1
928 silly linkStuff merge-descriptors@1.0.1 has E:\FindU-web\node_modules as its parent node_modules
929 verbose linkBins merge-descriptors@1.0.1
930 verbose linkMans merge-descriptors@1.0.1
931 verbose rebuildBundles merge-descriptors@1.0.1
932 info install merge-descriptors@1.0.1
933 info postinstall merge-descriptors@1.0.1
934 verbose rebuild bundle E:\FindU-web\node_modules\methods
935 info build E:\FindU-web\node_modules\methods
936 info preinstall methods@1.1.2
937 info linkStuff methods@1.1.2
938 silly linkStuff methods@1.1.2 has E:\FindU-web\node_modules as its parent node_modules
939 verbose linkBins methods@1.1.2
940 verbose linkMans methods@1.1.2
941 verbose rebuildBundles methods@1.1.2
942 info install methods@1.1.2
943 info postinstall methods@1.1.2
944 verbose rebuild bundle E:\FindU-web\node_modules\mime
945 info build E:\FindU-web\node_modules\mime
946 info preinstall mime@1.3.4
947 info linkStuff mime@1.3.4
948 silly linkStuff mime@1.3.4 has E:\FindU-web\node_modules as its parent node_modules
949 verbose linkBins mime@1.3.4
950 verbose link bins [ { mime: 'cli.js' },
950 verbose link bins   'E:\\FindU-web\\node_modules\\.bin',
950 verbose link bins   false ]
951 verbose linkMans mime@1.3.4
952 verbose rebuildBundles mime@1.3.4
953 info install mime@1.3.4
954 info postinstall mime@1.3.4
955 verbose rebuild bundle E:\FindU-web\node_modules\mime-db
956 info build E:\FindU-web\node_modules\mime-db
957 info preinstall mime-db@1.23.0
958 info linkStuff mime-db@1.23.0
959 silly linkStuff mime-db@1.23.0 has E:\FindU-web\node_modules as its parent node_modules
960 verbose linkBins mime-db@1.23.0
961 verbose linkMans mime-db@1.23.0
962 verbose rebuildBundles mime-db@1.23.0
963 info install mime-db@1.23.0
964 info postinstall mime-db@1.23.0
965 verbose rebuild bundle E:\FindU-web\node_modules\mime-types
966 info build E:\FindU-web\node_modules\mime-types
967 info preinstall mime-types@2.1.11
968 info linkStuff mime-types@2.1.11
969 silly linkStuff mime-types@2.1.11 has E:\FindU-web\node_modules as its parent node_modules
970 verbose linkBins mime-types@2.1.11
971 verbose linkMans mime-types@2.1.11
972 verbose rebuildBundles mime-types@2.1.11
973 verbose rebuildBundles [ 'mime-db' ]
974 info install mime-types@2.1.11
975 info postinstall mime-types@2.1.11
976 verbose rebuild bundle E:\FindU-web\node_modules\ms
977 info build E:\FindU-web\node_modules\ms
978 info preinstall ms@0.7.1
979 info linkStuff ms@0.7.1
980 silly linkStuff ms@0.7.1 has E:\FindU-web\node_modules as its parent node_modules
981 verbose linkBins ms@0.7.1
982 verbose linkMans ms@0.7.1
983 verbose rebuildBundles ms@0.7.1
984 info install ms@0.7.1
985 info postinstall ms@0.7.1
986 verbose rebuild bundle E:\FindU-web\node_modules\nan
987 info build E:\FindU-web\node_modules\nan
988 info preinstall nan@2.3.5
989 info linkStuff nan@2.3.5
990 silly linkStuff nan@2.3.5 has E:\FindU-web\node_modules as its parent node_modules
991 verbose linkBins nan@2.3.5
992 verbose linkMans nan@2.3.5
993 verbose rebuildBundles nan@2.3.5
994 info install nan@2.3.5
995 info postinstall nan@2.3.5
996 verbose rebuild bundle E:\FindU-web\node_modules\negotiator
997 info build E:\FindU-web\node_modules\negotiator
998 info preinstall negotiator@0.6.1
999 info linkStuff negotiator@0.6.1
1000 silly linkStuff negotiator@0.6.1 has E:\FindU-web\node_modules as its parent node_modules
1001 verbose linkBins negotiator@0.6.1
1002 verbose linkMans negotiator@0.6.1
1003 verbose rebuildBundles negotiator@0.6.1
1004 info install negotiator@0.6.1
1005 info postinstall negotiator@0.6.1
1006 verbose rebuild bundle E:\FindU-web\node_modules\node-zip
1007 info build E:\FindU-web\node_modules\node-zip
1008 info preinstall node-zip@1.1.1
1009 info linkStuff node-zip@1.1.1
1010 silly linkStuff node-zip@1.1.1 has E:\FindU-web\node_modules as its parent node_modules
1011 verbose linkBins node-zip@1.1.1
1012 verbose link bins [ { nodezip: 'bin/nodezip' },
1012 verbose link bins   'E:\\FindU-web\\node_modules\\.bin',
1012 verbose link bins   false ]
1013 verbose linkMans node-zip@1.1.1
1014 verbose rebuildBundles node-zip@1.1.1
1015 verbose rebuildBundles [ 'jszip' ]
1016 info install node-zip@1.1.1
1017 info postinstall node-zip@1.1.1
1018 verbose rebuild bundle E:\FindU-web\node_modules\nodejieba
1019 info build E:\FindU-web\node_modules\nodejieba
1020 info preinstall nodejieba@2.2.3
1021 info linkStuff nodejieba@2.2.3
1022 silly linkStuff nodejieba@2.2.3 has E:\FindU-web\node_modules as its parent node_modules
1023 verbose linkBins nodejieba@2.2.3
1024 verbose linkMans nodejieba@2.2.3
1025 verbose rebuildBundles nodejieba@2.2.3
1026 verbose rebuildBundles [ 'nan' ]
1027 info install nodejieba@2.2.3
1028 verbose unsafe-perm in lifecycle true
1029 info nodejieba@2.2.3 Failed to exec install script
1030 verbose stack Error: nodejieba@2.2.3 install: `node-gyp rebuild`
1030 verbose stack Exit status 1
1030 verbose stack     at EventEmitter.<anonymous> (D:\Program Files\nodejs\node_modules\npm\lib\utils\lifecycle.js:217:16)
1030 verbose stack     at emitTwo (events.js:87:13)
1030 verbose stack     at EventEmitter.emit (events.js:172:7)
1030 verbose stack     at ChildProcess.<anonymous> (D:\Program Files\nodejs\node_modules\npm\lib\utils\spawn.js:24:14)
1030 verbose stack     at emitTwo (events.js:87:13)
1030 verbose stack     at ChildProcess.emit (events.js:172:7)
1030 verbose stack     at maybeClose (internal/child_process.js:827:16)
1030 verbose stack     at Process.ChildProcess._handle.onexit (internal/child_process.js:211:5)
1031 verbose pkgid nodejieba@2.2.3
1032 verbose cwd E:\FindU-web
1033 error Windows_NT 6.1.7601
1034 error argv "D:\\Program Files\\nodejs\\node.exe" "D:\\Program Files\\nodejs\\node_modules\\npm\\bin\\npm-cli.js" "install"
1035 error node v4.4.7
1036 error npm  v2.15.8
1037 error code ELIFECYCLE
1038 error nodejieba@2.2.3 install: `node-gyp rebuild`
1038 error Exit status 1
1039 error Failed at the nodejieba@2.2.3 install script 'node-gyp rebuild'.
1039 error This is most likely a problem with the nodejieba package,
1039 error not with npm itself.
1039 error Tell the author that this fails on your system:
1039 error     node-gyp rebuild
1039 error You can get information on how to open an issue for this project with:
1039 error     npm bugs nodejieba
1039 error Or if that isn't available, you can get their info via:
1039 error
1039 error     npm owner ls nodejieba
1039 error There is likely additional logging output above.
1040 verbose exit [ 1, true ]
